\BOOKMARK [0][-]{chapter*.2}{\315ndice de figuras}{}% 1
\BOOKMARK [0][-]{chapter*.2}{\315ndice de tablas}{}% 2
\BOOKMARK [0][-]{chapter*.2}{Acr\363nimos}{}% 3
\BOOKMARK [0][-]{chapter.1}{Introducci\363n}{}% 4
\BOOKMARK [1][-]{section.1.1}{Inteligencia artificial y aprendizaje autom\341tico}{chapter.1}% 5
\BOOKMARK [1][-]{section.1.2}{Redes neuronales artificiales}{chapter.1}% 6
\BOOKMARK [2][-]{subsection.1.2.1}{Aprendizaje en redes neuronales artificiales}{section.1.2}% 7
\BOOKMARK [2][-]{subsection.1.2.2}{Redes neuronales convolucionales \(CNN\)}{section.1.2}% 8
\BOOKMARK [2][-]{subsection.1.2.3}{Entornos software para redes neuronales}{section.1.2}% 9
\BOOKMARK [2][-]{subsection.1.2.4}{Deep Learning}{section.1.2}% 10
\BOOKMARK [1][-]{section.1.3}{Antecedentes en Robotics de la URJC}{chapter.1}% 11
\BOOKMARK [0][-]{chapter.2}{Objetivos y metodolog\355a}{}% 12
\BOOKMARK [1][-]{section.2.1}{Objetivos}{chapter.2}% 13
\BOOKMARK [1][-]{section.2.2}{Metodolog\355a y plan de trabajo}{chapter.2}% 14
\BOOKMARK [0][-]{chapter.3}{Infraestructura}{}% 15
\BOOKMARK [1][-]{section.3.1}{Caffe}{chapter.3}% 16
\BOOKMARK [2][-]{subsection.3.1.1}{L\355nea de comandos}{section.3.1}% 17
\BOOKMARK [2][-]{subsection.3.1.2}{Python}{section.3.1}% 18
\BOOKMARK [2][-]{subsection.3.1.3}{Capas de una red neuronal}{section.3.1}% 19
\BOOKMARK [3][-]{subsubsection.3.1.3.1}{Capas de datos}{subsection.3.1.3}% 20
\BOOKMARK [3][-]{subsubsection.3.1.3.2}{Capas de visi\363n}{subsection.3.1.3}% 21
\BOOKMARK [3][-]{subsubsection.3.1.3.3}{Capas comunes}{subsection.3.1.3}% 22
\BOOKMARK [3][-]{subsubsection.3.1.3.4}{Capas de p\351rdida}{subsection.3.1.3}% 23
\BOOKMARK [3][-]{subsubsection.3.1.3.5}{Capas de activaci\363n}{subsection.3.1.3}% 24
\BOOKMARK [1][-]{section.3.2}{JdeRobot}{chapter.3}% 25
\BOOKMARK [2][-]{subsection.3.2.1}{CameraServer}{section.3.2}% 26
\BOOKMARK [1][-]{section.3.3}{Bases de datos}{chapter.3}% 27
\BOOKMARK [2][-]{subsection.3.3.1}{PASCAL Visual Object Classes}{section.3.3}% 28
\BOOKMARK [2][-]{subsection.3.3.2}{Common Objects in Context}{section.3.3}% 29
\BOOKMARK [0][-]{chapter.4}{Detecci\363n con Single Shot MultiBox y Caffe}{}% 30
\BOOKMARK [1][-]{section.4.1}{T\351cnica Single Shot MultiBox Detection}{chapter.4}% 31
\BOOKMARK [2][-]{subsection.4.1.1}{Arquitectura}{section.4.1}% 32
\BOOKMARK [2][-]{subsection.4.1.2}{Entrenamiento}{section.4.1}% 33
\BOOKMARK [1][-]{section.4.2}{Single Shot MultiBox Detection en Caffe}{chapter.4}% 34
\BOOKMARK [1][-]{section.4.3}{Detector de objetos}{chapter.4}% 35
\BOOKMARK [2][-]{subsection.4.3.1}{Estructura de la red}{section.4.3}% 36
\BOOKMARK [2][-]{subsection.4.3.2}{Definici\363n del solucionador}{section.4.3}% 37
\BOOKMARK [2][-]{subsection.4.3.3}{Entrenamiento de la red}{section.4.3}% 38
\BOOKMARK [1][-]{section.4.4}{Componente detector}{chapter.4}% 39
\BOOKMARK [2][-]{subsection.4.4.1}{Hilo Camera}{section.4.4}% 40
\BOOKMARK [2][-]{subsection.4.4.2}{Hilo Detector}{section.4.4}% 41
\BOOKMARK [2][-]{subsection.4.4.3}{Hilo GUI}{section.4.4}% 42
\BOOKMARK [2][-]{subsection.4.4.4}{Ejecuci\363n}{section.4.4}% 43
\BOOKMARK [2][-]{subsection.4.4.5}{Detecci\363n condicional}{section.4.4}% 44
\BOOKMARK [0][-]{chapter.5}{Medidor de calidad}{}% 45
\BOOKMARK [1][-]{section.5.1}{Comparaci\363n bounding boxes real y detectada}{chapter.5}% 46
\BOOKMARK [2][-]{subsection.5.1.1}{PascalVOC}{section.5.1}% 47
\BOOKMARK [2][-]{subsection.5.1.2}{COCO}{section.5.1}% 48
\BOOKMARK [1][-]{section.5.2}{M\351tricas de evaluaci\363n}{chapter.5}% 49
\BOOKMARK [2][-]{subsection.5.2.1}{Precisi\363n y Recall}{section.5.2}% 50
\BOOKMARK [2][-]{subsection.5.2.2}{\315ndice Jaccard}{section.5.2}% 51
\BOOKMARK [1][-]{section.5.3}{Resultado final}{chapter.5}% 52
\BOOKMARK [0][-]{chapter.6}{Conclusiones}{}% 53
\BOOKMARK [1][-]{section.6.1}{Conclusiones}{chapter.6}% 54
\BOOKMARK [1][-]{section.6.2}{L\355neas futuras}{chapter.6}% 55
\BOOKMARK [0][-]{chapter*.49}{Bibliograf\355a}{}% 56
