This is pdfTeX, Version 3.14159265-2.6-1.40.20 (TeX Live 2019) (preloaded format=pdflatex 2019.5.11)  10 JUL 2019 01:00
entering extended mode
 restricted \write18 enabled.
 file:line:error style messages enabled.
 %&-line parsing enabled.
**Memoria.tex
(./Memoria.tex
LaTeX2e <2018-12-01>
(/usr/local/texlive/2019/texmf-dist/tex/latex/base/book.cls
Document Class: book 2018/09/03 v1.4i Standard LaTeX document class
(/usr/local/texlive/2019/texmf-dist/tex/latex/base/bk12.clo
File: bk12.clo 2018/09/03 v1.4i Standard LaTeX file (size option)
)
\c@part=\count80
\c@chapter=\count81
\c@section=\count82
\c@subsection=\count83
\c@subsubsection=\count84
\c@paragraph=\count85
\c@subparagraph=\count86
\c@figure=\count87
\c@table=\count88
\abovecaptionskip=\skip41
\belowcaptionskip=\skip42
\bibindent=\dimen102
)
(/usr/local/texlive/2019/texmf-dist/tex/latex/base/inputenc.sty
Package: inputenc 2018/08/11 v1.3c Input encoding file
\inpenc@prehook=\toks14
\inpenc@posthook=\toks15

(/usr/local/texlive/2019/texmf-dist/tex/latex/base/latin1.def
File: latin1.def 2018/08/11 v1.3c Input encoding file
))
(/usr/local/texlive/2019/texmf-dist/tex/latex/tocloft/tocloft.sty
Package: tocloft 2017/08/31 v2.3i parameterised ToC, etc., typesetting
Package tocloft Info: The document has chapter divisions on input line 51.
\cftparskip=\skip43
\cftbeforetoctitleskip=\skip44
\cftaftertoctitleskip=\skip45
\cftbeforepartskip=\skip46
\cftpartnumwidth=\skip47
\cftpartindent=\skip48
\cftbeforechapskip=\skip49
\cftchapindent=\skip50
\cftchapnumwidth=\skip51
\cftbeforesecskip=\skip52
\cftsecindent=\skip53
\cftsecnumwidth=\skip54
\cftbeforesubsecskip=\skip55
\cftsubsecindent=\skip56
\cftsubsecnumwidth=\skip57
\cftbeforesubsubsecskip=\skip58
\cftsubsubsecindent=\skip59
\cftsubsubsecnumwidth=\skip60
\cftbeforeparaskip=\skip61
\cftparaindent=\skip62
\cftparanumwidth=\skip63
\cftbeforesubparaskip=\skip64
\cftsubparaindent=\skip65
\cftsubparanumwidth=\skip66
\cftbeforeloftitleskip=\skip67
\cftafterloftitleskip=\skip68
\cftbeforefigskip=\skip69
\cftfigindent=\skip70
\cftfignumwidth=\skip71
\c@lofdepth=\count89
\c@lotdepth=\count90
\cftbeforelottitleskip=\skip72
\cftafterlottitleskip=\skip73
\cftbeforetabskip=\skip74
\cfttabindent=\skip75
\cfttabnumwidth=\skip76
)
(/usr/local/texlive/2019/texmf-dist/tex/generic/babel/babel.sty
Package: babel 2019/05/04 3.31 The Babel package

(/usr/local/texlive/2019/texmf-dist/tex/generic/babel/switch.def
File: switch.def 2019/05/04 3.31 Babel switching mechanism
)
(/usr/local/texlive/2019/texmf-dist/tex/generic/babel-spanish/spanish.ldf
Language: spanish.ldf 2016/03/03 v5.0p Spanish support from the babel system

(/usr/local/texlive/2019/texmf-dist/tex/generic/babel/babel.def
File: babel.def 2019/05/04 3.31 Babel common definitions
\babel@savecnt=\count91
\U@D=\dimen103

(/usr/local/texlive/2019/texmf-dist/tex/generic/babel/txtbabel.def)
\bbl@dirlevel=\count92
)
\es@quottoks=\toks16
\es@quotdepth=\count93
Package babel Info: Making " an active character on input line 561.
Package babel Info: Making . an active character on input line 662.
Package babel Info: Making < an active character on input line 707.
Package babel Info: Making > an active character on input line 707.
))
(/usr/local/texlive/2019/texmf-dist/tex/latex/graphics/graphicx.sty
Package: graphicx 2017/06/01 v1.1a Enhanced LaTeX Graphics (DPC,SPQR)

(/usr/local/texlive/2019/texmf-dist/tex/latex/graphics/keyval.sty
Package: keyval 2014/10/28 v1.15 key=value parser (DPC)
\KV@toks@=\toks17
)
(/usr/local/texlive/2019/texmf-dist/tex/latex/graphics/graphics.sty
Package: graphics 2017/06/25 v1.2c Standard LaTeX Graphics (DPC,SPQR)

(/usr/local/texlive/2019/texmf-dist/tex/latex/graphics/trig.sty
Package: trig 2016/01/03 v1.10 sin cos tan (DPC)
)
(/usr/local/texlive/2019/texmf-dist/tex/latex/graphics-cfg/graphics.cfg
File: graphics.cfg 2016/06/04 v1.11 sample graphics configuration
)
Package graphics Info: Driver file: pdftex.def on input line 99.

(/usr/local/texlive/2019/texmf-dist/tex/latex/graphics-def/pdftex.def
File: pdftex.def 2018/01/08 v1.0l Graphics/color driver for pdftex
))
\Gin@req@height=\dimen104
\Gin@req@width=\dimen105
)
(/usr/local/texlive/2019/texmf-dist/tex/latex/float/float.sty
Package: float 2001/11/08 v1.3d Float enhancements (AL)
\c@float@type=\count94
\float@exts=\toks18
\float@box=\box27
\@float@everytoks=\toks19
\@floatcapt=\box28
)
(/usr/local/texlive/2019/texmf-dist/tex/latex/listings/listings.sty
\lst@mode=\count95
\lst@gtempboxa=\box29
\lst@token=\toks20
\lst@length=\count96
\lst@currlwidth=\dimen106
\lst@column=\count97
\lst@pos=\count98
\lst@lostspace=\dimen107
\lst@width=\dimen108
\lst@newlines=\count99
\lst@lineno=\count100
\lst@maxwidth=\dimen109

(/usr/local/texlive/2019/texmf-dist/tex/latex/listings/lstmisc.sty
File: lstmisc.sty 2019/02/27 1.8b (Carsten Heinz)
\c@lstnumber=\count101
\lst@skipnumbers=\count102
\lst@framebox=\box30
)
(/usr/local/texlive/2019/texmf-dist/tex/latex/listings/listings.cfg
File: listings.cfg 2019/02/27 1.8b listings configuration
))
Package: listings 2019/02/27 1.8b (Carsten Heinz)

(/usr/local/texlive/2019/texmf-dist/tex/latex/tools/verbatim.sty
Package: verbatim 2014/10/28 v1.5q LaTeX2e package for verbatim enhancements
\every@verbatim=\toks21
\verbatim@line=\toks22
\verbatim@in@stream=\read1
)
(/usr/local/texlive/2019/texmf-dist/tex/latex/mathtools/mathtools.sty
Package: mathtools 2018/01/08 v1.21 mathematical typesetting tools

(/usr/local/texlive/2019/texmf-dist/tex/latex/tools/calc.sty
Package: calc 2017/05/25 v4.3 Infix arithmetic (KKT,FJ)
\calc@Acount=\count103
\calc@Bcount=\count104
\calc@Adimen=\dimen110
\calc@Bdimen=\dimen111
\calc@Askip=\skip77
\calc@Bskip=\skip78
LaTeX Info: Redefining \setlength on input line 80.
LaTeX Info: Redefining \addtolength on input line 81.
\calc@Ccount=\count105
\calc@Cskip=\skip79
)
(/usr/local/texlive/2019/texmf-dist/tex/latex/mathtools/mhsetup.sty
Package: mhsetup 2017/03/31 v1.3 programming setup (MH)
)
(/usr/local/texlive/2019/texmf-dist/tex/latex/amsmath/amsmath.sty
Package: amsmath 2018/12/01 v2.17b AMS math features
\@mathmargin=\skip80

For additional information on amsmath, use the `?' option.
(/usr/local/texlive/2019/texmf-dist/tex/latex/amsmath/amstext.sty
Package: amstext 2000/06/29 v2.01 AMS text

(/usr/local/texlive/2019/texmf-dist/tex/latex/amsmath/amsgen.sty
File: amsgen.sty 1999/11/30 v2.0 generic functions
\@emptytoks=\toks23
\ex@=\dimen112
))
(/usr/local/texlive/2019/texmf-dist/tex/latex/amsmath/amsbsy.sty
Package: amsbsy 1999/11/29 v1.2d Bold Symbols
\pmbraise@=\dimen113
)
(/usr/local/texlive/2019/texmf-dist/tex/latex/amsmath/amsopn.sty
Package: amsopn 2016/03/08 v2.02 operator names
)
\inf@bad=\count106
LaTeX Info: Redefining \frac on input line 223.
\uproot@=\count107
\leftroot@=\count108
LaTeX Info: Redefining \overline on input line 385.
\classnum@=\count109
\DOTSCASE@=\count110
LaTeX Info: Redefining \ldots on input line 482.
LaTeX Info: Redefining \dots on input line 485.
LaTeX Info: Redefining \cdots on input line 606.
\Mathstrutbox@=\box31
\strutbox@=\box32
\big@size=\dimen114
LaTeX Font Info:    Redeclaring font encoding OML on input line 729.
LaTeX Font Info:    Redeclaring font encoding OMS on input line 730.
\macc@depth=\count111
\c@MaxMatrixCols=\count112
\dotsspace@=\muskip10
\c@parentequation=\count113
\dspbrk@lvl=\count114
\tag@help=\toks24
\row@=\count115
\column@=\count116
\maxfields@=\count117
\andhelp@=\toks25
\eqnshift@=\dimen115
\alignsep@=\dimen116
\tagshift@=\dimen117
\tagwidth@=\dimen118
\totwidth@=\dimen119
\lineht@=\dimen120
\@envbody=\toks26
\multlinegap=\skip81
\multlinetaggap=\skip82
\mathdisplay@stack=\toks27
LaTeX Info: Redefining \[ on input line 2844.
LaTeX Info: Redefining \] on input line 2845.
)
LaTeX Info: Thecontrolsequence`\('isalreadyrobust on input line 129.
LaTeX Info: Thecontrolsequence`\)'isalreadyrobust on input line 129.
LaTeX Info: Thecontrolsequence`\['isalreadyrobust on input line 129.
LaTeX Info: Thecontrolsequence`\]'isalreadyrobust on input line 129.
\g_MT_multlinerow_int=\count118
\l_MT_multwidth_dim=\dimen121
\origjot=\skip83
\l_MT_shortvdotswithinadjustabove_dim=\dimen122
\l_MT_shortvdotswithinadjustbelow_dim=\dimen123
\l_MT_above_intertext_sep=\dimen124
\l_MT_below_intertext_sep=\dimen125
\l_MT_above_shortintertext_sep=\dimen126
\l_MT_below_shortintertext_sep=\dimen127
)
(/usr/local/texlive/2019/texmf-dist/tex/latex/subfig/subfig.sty
Package: subfig 2005/06/28 ver: 1.3 subfig package

(/usr/local/texlive/2019/texmf-dist/tex/latex/caption/caption.sty
Package: caption 2018/10/06 v3.3-154 Customizing captions (AR)

(/usr/local/texlive/2019/texmf-dist/tex/latex/caption/caption3.sty
Package: caption3 2018/09/12 v1.8c caption3 kernel (AR)
Package caption3 Info: TeX engine: e-TeX on input line 64.
\captionmargin=\dimen128
\captionmargin@=\dimen129
\captionwidth=\dimen130
\caption@tempdima=\dimen131
\caption@indent=\dimen132
\caption@parindent=\dimen133
\caption@hangindent=\dimen134
)
\c@caption@flags=\count119
\c@ContinuedFloat=\count120
Package caption Info: float package is loaded.
Package caption Info: listings package is loaded.
)
\c@KVtest=\count121
\sf@farskip=\skip84
\sf@captopadj=\dimen135
\sf@capskip=\skip85
\sf@nearskip=\skip86
\c@subfigure=\count122
\c@subfigure@save=\count123
\c@subtable=\count124
\c@subtable@save=\count125
\sf@top=\skip87
\sf@bottom=\skip88
)
(/usr/local/texlive/2019/texmf-dist/tex/latex/hyperref/hyperref.sty
Package: hyperref 2018/11/30 v6.88e Hypertext links for LaTeX

(/usr/local/texlive/2019/texmf-dist/tex/generic/oberdiek/hobsub-hyperref.sty
Package: hobsub-hyperref 2016/05/16 v1.14 Bundle oberdiek, subset hyperref (HO)


(/usr/local/texlive/2019/texmf-dist/tex/generic/oberdiek/hobsub-generic.sty
Package: hobsub-generic 2016/05/16 v1.14 Bundle oberdiek, subset generic (HO)
Package: hobsub 2016/05/16 v1.14 Construct package bundles (HO)
Package: infwarerr 2016/05/16 v1.4 Providing info/warning/error messages (HO)
Package: ltxcmds 2016/05/16 v1.23 LaTeX kernel commands for general use (HO)
Package: ifluatex 2016/05/16 v1.4 Provides the ifluatex switch (HO)
Package ifluatex Info: LuaTeX not detected.
Package: ifvtex 2016/05/16 v1.6 Detect VTeX and its facilities (HO)
Package ifvtex Info: VTeX not detected.
Package: intcalc 2016/05/16 v1.2 Expandable calculations with integers (HO)
Package: ifpdf 2018/09/07 v3.3 Provides the ifpdf switch
Package: etexcmds 2016/05/16 v1.6 Avoid name clashes with e-TeX commands (HO)
Package: kvsetkeys 2016/05/16 v1.17 Key value parser (HO)
Package: kvdefinekeys 2016/05/16 v1.4 Define keys (HO)
Package: pdftexcmds 2018/09/10 v0.29 Utility functions of pdfTeX for LuaTeX (HO
)
Package pdftexcmds Info: LuaTeX not detected.
Package pdftexcmds Info: \pdf@primitive is available.
Package pdftexcmds Info: \pdf@ifprimitive is available.
Package pdftexcmds Info: \pdfdraftmode found.
Package: pdfescape 2016/05/16 v1.14 Implements pdfTeX's escape features (HO)
Package: bigintcalc 2016/05/16 v1.4 Expandable calculations on big integers (HO
)
Package: bitset 2016/05/16 v1.2 Handle bit-vector datatype (HO)
Package: uniquecounter 2016/05/16 v1.3 Provide unlimited unique counter (HO)
)
Package hobsub Info: Skipping package `hobsub' (already loaded).
Package: letltxmacro 2016/05/16 v1.5 Let assignment for LaTeX macros (HO)
Package: hopatch 2016/05/16 v1.3 Wrapper for package hooks (HO)
Package: xcolor-patch 2016/05/16 xcolor patch
Package: atveryend 2016/05/16 v1.9 Hooks at the very end of document (HO)
Package atveryend Info: \enddocument detected (standard20110627).
Package: atbegshi 2016/06/09 v1.18 At begin shipout hook (HO)
Package: refcount 2016/05/16 v3.5 Data extraction from label references (HO)
Package: hycolor 2016/05/16 v1.8 Color options for hyperref/bookmark (HO)
)
(/usr/local/texlive/2019/texmf-dist/tex/generic/ifxetex/ifxetex.sty
Package: ifxetex 2010/09/12 v0.6 Provides ifxetex conditional
)
(/usr/local/texlive/2019/texmf-dist/tex/latex/oberdiek/auxhook.sty
Package: auxhook 2016/05/16 v1.4 Hooks for auxiliary files (HO)
)
(/usr/local/texlive/2019/texmf-dist/tex/latex/oberdiek/kvoptions.sty
Package: kvoptions 2016/05/16 v3.12 Key value format for package options (HO)
)
\@linkdim=\dimen136
\Hy@linkcounter=\count126
\Hy@pagecounter=\count127

(/usr/local/texlive/2019/texmf-dist/tex/latex/hyperref/pd1enc.def
File: pd1enc.def 2018/11/30 v6.88e Hyperref: PDFDocEncoding definition (HO)
Now handling font encoding PD1 ...
... no UTF-8 mapping file for font encoding PD1
)
\Hy@SavedSpaceFactor=\count128

(/usr/local/texlive/2019/texmf-dist/tex/latex/latexconfig/hyperref.cfg
File: hyperref.cfg 2002/06/06 v1.2 hyperref configuration of TeXLive
)
Package hyperref Info: Option `breaklinks' set `true' on input line 4393.
Package hyperref Info: Hyper figures OFF on input line 4519.
Package hyperref Info: Link nesting OFF on input line 4524.
Package hyperref Info: Hyper index ON on input line 4527.
Package hyperref Info: Plain pages OFF on input line 4534.
Package hyperref Info: Backreferencing OFF on input line 4539.
Package hyperref Info: Implicit mode ON; LaTeX internals redefined.
Package hyperref Info: Bookmarks ON on input line 4772.
\c@Hy@tempcnt=\count129

(/usr/local/texlive/2019/texmf-dist/tex/latex/url/url.sty
\Urlmuskip=\muskip11
Package: url 2013/09/16  ver 3.4  Verb mode for urls, etc.
)
LaTeX Info: Redefining \url on input line 5125.
\XeTeXLinkMargin=\dimen137
\Fld@menulength=\count130
\Field@Width=\dimen138
\Fld@charsize=\dimen139
Package hyperref Info: Hyper figures OFF on input line 6380.
Package hyperref Info: Link nesting OFF on input line 6385.
Package hyperref Info: Hyper index ON on input line 6388.
Package hyperref Info: backreferencing OFF on input line 6395.
Package hyperref Info: Link coloring OFF on input line 6400.
Package hyperref Info: Link coloring with OCG OFF on input line 6405.
Package hyperref Info: PDF/A mode OFF on input line 6410.
LaTeX Info: Redefining \ref on input line 6450.
LaTeX Info: Redefining \pageref on input line 6454.
\Hy@abspage=\count131
\c@Item=\count132
\c@Hfootnote=\count133
)
Package hyperref Info: Driver (autodetected): hpdftex.

(/usr/local/texlive/2019/texmf-dist/tex/latex/hyperref/hpdftex.def
File: hpdftex.def 2018/11/30 v6.88e Hyperref driver for pdfTeX
\Fld@listcount=\count134
\c@bookmark@seq@number=\count135

(/usr/local/texlive/2019/texmf-dist/tex/latex/oberdiek/rerunfilecheck.sty
Package: rerunfilecheck 2016/05/16 v1.8 Rerun checks for auxiliary files (HO)
Package uniquecounter Info: New unique counter `rerunfilecheck' on input line 2
82.
)
\Hy@SectionHShift=\skip89
)
(/usr/local/texlive/2019/texmf-dist/tex/latex/geometry/geometry.sty
Package: geometry 2018/04/16 v5.8 Page Geometry
\Gm@cnth=\count136
\Gm@cntv=\count137
\c@Gm@tempcnt=\count138
\Gm@bindingoffset=\dimen140
\Gm@wd@mp=\dimen141
\Gm@odd@mp=\dimen142
\Gm@even@mp=\dimen143
\Gm@layoutwidth=\dimen144
\Gm@layoutheight=\dimen145
\Gm@layouthoffset=\dimen146
\Gm@layoutvoffset=\dimen147
\Gm@dimlist=\toks28
)
(/usr/local/texlive/2019/texmf-dist/tex/latex/multirow/multirow.sty
Package: multirow 2019/01/01 v2.4 Span multiple rows of a table
\multirow@colwidth=\skip90
\multirow@cntb=\count139
\multirow@dima=\skip91
\bigstrutjot=\dimen148
)
(/usr/local/texlive/2019/texmf-dist/tex/latex/glossaries/base/glossaries.sty
Package: glossaries 2019/01/06 v4.42 (NLCT)

(/usr/local/texlive/2019/texmf-dist/tex/latex/base/ifthen.sty
Package: ifthen 2014/09/29 v1.1c Standard LaTeX ifthen package (DPC)
)
(/usr/local/texlive/2019/texmf-dist/tex/latex/xkeyval/xkeyval.sty
Package: xkeyval 2014/12/03 v2.7a package option processing (HA)

(/usr/local/texlive/2019/texmf-dist/tex/generic/xkeyval/xkeyval.tex
(/usr/local/texlive/2019/texmf-dist/tex/generic/xkeyval/xkvutils.tex
\XKV@toks=\toks29
\XKV@tempa@toks=\toks30
)
\XKV@depth=\count140
File: xkeyval.tex 2014/12/03 v2.7a key=value parser (HA)
))
(/usr/local/texlive/2019/texmf-dist/tex/latex/mfirstuc/mfirstuc.sty
Package: mfirstuc 2017/11/14 v2.06 (NLCT)

(/usr/local/texlive/2019/texmf-dist/tex/latex/etoolbox/etoolbox.sty
Package: etoolbox 2018/08/19 v2.5f e-TeX tools for LaTeX (JAW)
\etb@tempcnta=\count141
)
\@glsmfirst=\toks31
\@glsmrest=\toks32
)
(/usr/local/texlive/2019/texmf-dist/tex/latex/textcase/textcase.sty
Package: textcase 2004/10/07 v0.07 Text only upper/lower case changing (DPC)
)
(/usr/local/texlive/2019/texmf-dist/tex/latex/xfor/xfor.sty
Package: xfor 2009/02/05 v1.05 (NLCT)
)
(/usr/local/texlive/2019/texmf-dist/tex/latex/datatool/datatool-base.sty
Package: datatool-base 2018/12/07 v2.31 (NLCT)

(/usr/local/texlive/2019/texmf-dist/tex/latex/substr/substr.sty
Package: substr 2009/10/20 v1.2 Handle substrings
\c@su@anzahl=\count142
)
(/usr/local/texlive/2019/texmf-dist/tex/latex/datatool/datatool-fp.sty
Package: datatool-fp 2018/12/07 v2.31 (NLCT)

(/usr/local/texlive/2019/texmf-dist/tex/latex/fp/fp.sty
Package: fp 1995/04/02

`Fixed Point Package', Version 0.8, April 2, 1995 (C) Michael Mehlich
(/usr/local/texlive/2019/texmf-dist/tex/latex/fp/defpattern.sty
Package: defpattern 1994/10/12
\actioncount=\count143
)
(/usr/local/texlive/2019/texmf-dist/tex/latex/fp/fp-basic.sty
Package: fp-basic 1996/05/13
\FP@xs=\count144
\FP@xia=\count145
\FP@xib=\count146
\FP@xfa=\count147
\FP@xfb=\count148
\FP@rega=\count149
\FP@regb=\count150
\FP@regs=\count151
\FP@times=\count152
)
(/usr/local/texlive/2019/texmf-dist/tex/latex/fp/fp-addons.sty
Package: fp-addons 1995/03/15
)
(/usr/local/texlive/2019/texmf-dist/tex/latex/fp/fp-snap.sty
Package: fp-snap 1995/04/05
)
(/usr/local/texlive/2019/texmf-dist/tex/latex/fp/fp-exp.sty
Package: fp-exp 1995/04/03
)
(/usr/local/texlive/2019/texmf-dist/tex/latex/fp/fp-trigo.sty
Package: fp-trigo 1995/04/14
)
(/usr/local/texlive/2019/texmf-dist/tex/latex/fp/fp-pas.sty
Package: fp-pas 1994/08/29
)
(/usr/local/texlive/2019/texmf-dist/tex/latex/fp/fp-random.sty
Package: fp-random 1995/02/23
\FPseed=\count153
)
(/usr/local/texlive/2019/texmf-dist/tex/latex/fp/fp-eqn.sty
Package: fp-eqn 1995/04/03
)
(/usr/local/texlive/2019/texmf-dist/tex/latex/fp/fp-upn.sty
Package: fp-upn 1996/10/21
)
(/usr/local/texlive/2019/texmf-dist/tex/latex/fp/fp-eval.sty
Package: fp-eval 1995/04/03
)))
\@dtl@toks=\toks33
\@dtl@tmpcount=\count154
\dtl@tmplength=\skip92
\dtl@sortresult=\count155
\@dtl@numgrpsepcount=\count156
\@dtl@datatype=\count157
\dtl@codeA=\count158
\dtl@codeB=\count159
\@dtl@foreach@level=\count160
)
(/usr/local/texlive/2019/texmf-dist/tex/latex/glossaries/base/glossaries-compat
ible-307.sty
Package: glossaries-compatible-307 2019/01/06 v4.42 (NLCT)
)
(/usr/local/texlive/2019/texmf-dist/tex/latex/tracklang/tracklang.sty
Package: tracklang 2018/05/13 v1.3.6 (NLCT) Track Languages

(/usr/local/texlive/2019/texmf-dist/tex/generic/tracklang/tracklang.tex))
(/usr/local/texlive/2019/texmf-dist/tex/latex/translator/translator.sty
Package: translator 2018/01/04 v1.12 Easy translation of strings in LaTeX
)
(/usr/local/texlive/2019/texmf-dist/tex/latex/glossaries-spanish/glossaries-spa
nish.ldf
File: glossaries-spanish.ldf 2014/11/23 v1.0

(/usr/local/texlive/2019/texmf-dist/tex/latex/glossaries-spanish/glossaries-spa
nish-noenc.ldf))
\gls@level=\count161
\@gls@tmpb=\toks34
\gls@tmplen=\skip93
\glskeylisttok=\toks35
\glslabeltok=\toks36
\glsshorttok=\toks37
\glslongtok=\toks38

(/usr/local/texlive/2019/texmf-dist/tex/latex/glossaries/styles/glossary-hypern
av.sty
Package: glossary-hypernav 2019/01/06 v4.42 (NLCT)
)
(/usr/local/texlive/2019/texmf-dist/tex/latex/glossaries/styles/glossary-list.s
ty
Package: glossary-list 2019/01/06 v4.42 (NLCT)
\glslistdottedwidth=\skip94
)
(/usr/local/texlive/2019/texmf-dist/tex/latex/glossaries/styles/glossary-long.s
ty
Package: glossary-long 2019/01/06 v4.42 (NLCT)
 (/usr/local/texlive/2019/texmf-dist/tex/latex/tools/longtable.sty
Package: longtable 2014/10/28 v4.11 Multi-page Table package (DPC)+ FMi change
\LTleft=\skip95
\LTright=\skip96
\LTpre=\skip97
\LTpost=\skip98
\LTchunksize=\count162
\LTcapwidth=\dimen149
\LT@head=\box33
\LT@firsthead=\box34
\LT@foot=\box35
\LT@lastfoot=\box36
\LT@cols=\count163
\LT@rows=\count164
\c@LT@tables=\count165
\c@LT@chunks=\count166
\LT@p@ftn=\toks39
)
\glsdescwidth=\skip99
\glspagelistwidth=\skip100
)
(/usr/local/texlive/2019/texmf-dist/tex/latex/glossaries/styles/glossary-super.
sty
Package: glossary-super 2019/01/06 v4.42 (NLCT)
 (/usr/local/texlive/2019/texmf-dist/tex/latex/supertabular/supertabular.sty
Package: supertabular 2004/02/20 v4.1e the supertabular environment
\c@tracingst=\count167
\ST@wd=\dimen150
\ST@rightskip=\skip101
\ST@leftskip=\skip102
\ST@parfillskip=\skip103
\ST@pageleft=\dimen151
\ST@headht=\dimen152
\ST@tailht=\dimen153
\ST@pagesofar=\dimen154
\ST@pboxht=\dimen155
\ST@lineht=\dimen156
\ST@stretchht=\dimen157
\ST@prevht=\dimen158
\ST@toadd=\dimen159
\ST@dimen=\dimen160
\ST@pbox=\box37
))
(/usr/local/texlive/2019/texmf-dist/tex/latex/glossaries/styles/glossary-tree.s
ty
Package: glossary-tree 2019/01/06 v4.42 (NLCT)
\glstreeindent=\skip104
))
\glswrite=\write3
\glo@main@file=\write4
\openout4 = `Memoria.glo'.

Package glossaries Info: Writing glossary file Memoria.glo on input line 19.
\glo@acronym@file=\write5
\openout5 = `Memoria.acn'.

Package glossaries Info: Writing glossary file Memoria.acn on input line 19.

\@input{Acronimos.aux}
\openout2 = `Acronimos.aux'.

(./Acronimos.tex)
(/usr/local/texlive/2019/texmf-dist/tex/latex/fancyhdr/fancyhdr.sty
Package: fancyhdr 2019/01/31 v3.10 Extensive control of page headers and footer
s
\f@nch@headwidth=\skip105
\f@nch@O@elh=\skip106
\f@nch@O@erh=\skip107
\f@nch@O@olh=\skip108
\f@nch@O@orh=\skip109
\f@nch@O@elf=\skip110
\f@nch@O@erf=\skip111
\f@nch@O@olf=\skip112
\f@nch@O@orf=\skip113
)
(/usr/local/texlive/2019/texmf-dist/tex/latex/koma-script/tocstyle.sty
Package: tocstyle 2017/02/23 v0.2i-alpha KOMA-Script package (versatile toc sty
les)


Package tocstyle Warning: THIS IS AN ALPHA VERSION!
(tocstyle)                USAGE OF THIS VERSION IS ON YOUR OWN RISK!
(tocstyle)                EVERYTHING MAY HAPPEN!
(tocstyle)                EVERYTHING MAY CHANGE IN FUTURE!
(tocstyle)                THERE IS NO SUPPORT, IF YOU USE THIS PACKAGE!
(tocstyle)                Maybe it would be better, not to load this package.

\tocstyle@indentstyle=\count168
Package tocstyle Info: no tocstyle.cfg found on input line 942.
)
exclude: 
exclude: 
exclude: 
exclude: 
exclude: 
exclude: 
exclude: 
(/usr/local/texlive/2019/texmf-dist/tex/latex/epigraph/epigraph.sty
Package: epigraph 2009/09/02 v1.5c typesetting epigraphs
\beforeepigraphskip=\skip114
\afterepigraphskip=\skip115
\epigraphwidth=\skip116
\epigraphrule=\skip117
)
(./Memoria.aux
LaTeX Info: Redefining \. on input line 31.
LaTeX Info: Redefining \% on input line 31.


LaTeX Warning: Label `VGG-16' multiply defined.


LaTeX Warning: Label `DetectionCompare' multiply defined.

)
\openout1 = `Memoria.aux'.

LaTeX Font Info:    Checking defaults for OML/cmm/m/it on input line 90.
LaTeX Font Info:    ... okay on input line 90.
LaTeX Font Info:    Checking defaults for T1/cmr/m/n on input line 90.
LaTeX Font Info:    ... okay on input line 90.
LaTeX Font Info:    Checking defaults for OT1/cmr/m/n on input line 90.
LaTeX Font Info:    ... okay on input line 90.
LaTeX Font Info:    Checking defaults for OMS/cmsy/m/n on input line 90.
LaTeX Font Info:    ... okay on input line 90.
LaTeX Font Info:    Checking defaults for OMX/cmex/m/n on input line 90.
LaTeX Font Info:    ... okay on input line 90.
LaTeX Font Info:    Checking defaults for U/cmr/m/n on input line 90.
LaTeX Font Info:    ... okay on input line 90.
LaTeX Font Info:    Checking defaults for PD1/pdf/m/n on input line 90.
LaTeX Font Info:    ... okay on input line 90.
LaTeX Info: Redefining \. on input line 90.
LaTeX Info: Redefining \% on input line 90.
 (/usr/local/texlive/2019/texmf-dist/tex/context/base/mkii/supp-pdf.mkii
[Loading MPS to PDF converter (version 2006.09.02).]
\scratchcounter=\count169
\scratchdimen=\dimen161
\scratchbox=\box38
\nofMPsegments=\count170
\nofMParguments=\count171
\everyMPshowfont=\toks40
\MPscratchCnt=\count172
\MPscratchDim=\dimen162
\MPnumerator=\count173
\makeMPintoPDFobject=\count174
\everyMPtoPDFconversion=\toks41
) (/usr/local/texlive/2019/texmf-dist/tex/latex/oberdiek/epstopdf-base.sty
Package: epstopdf-base 2016/05/15 v2.6 Base part for package epstopdf

(/usr/local/texlive/2019/texmf-dist/tex/latex/oberdiek/grfext.sty
Package: grfext 2016/05/16 v1.2 Manage graphics extensions (HO)
)
Package epstopdf-base Info: Redefining graphics rule for `.eps' on input line 4
38.
Package grfext Info: Graphics extension search list:
(grfext)             [.pdf,.png,.jpg,.mps,.jpeg,.jbig2,.jb2,.PDF,.PNG,.JPG,.JPE
G,.JBIG2,.JB2,.eps]
(grfext)             \AppendGraphicsExtensions on input line 456.

(/usr/local/texlive/2019/texmf-dist/tex/latex/latexconfig/epstopdf-sys.cfg
File: epstopdf-sys.cfg 2010/07/13 v1.3 Configuration of (r)epstopdf for TeX Liv
e
))
\c@lstlisting=\count175
Package caption Info: Begin \AtBeginDocument code.
Package caption Info: subfig package v1.3 is loaded.
Package caption Info: hyperref package is loaded.
Package caption Info: longtable package is loaded.

(/usr/local/texlive/2019/texmf-dist/tex/latex/caption/ltcaption.sty
Package: ltcaption 2018/08/26 v1.4-95 longtable captions (AR)
)
Package caption Info: supertabular package is loaded.
Package caption Info: End \AtBeginDocument code.
\AtBeginShipoutBox=\box39
Package hyperref Info: Link coloring OFF on input line 90.

(/usr/local/texlive/2019/texmf-dist/tex/latex/hyperref/nameref.sty
Package: nameref 2016/05/21 v2.44 Cross-referencing by name of section

(/usr/local/texlive/2019/texmf-dist/tex/generic/oberdiek/gettitlestring.sty
Package: gettitlestring 2016/05/16 v1.5 Cleanup title references (HO)
)
\c@section@level=\count176
)
LaTeX Info: Redefining \ref on input line 90.
LaTeX Info: Redefining \pageref on input line 90.
LaTeX Info: Redefining \nameref on input line 90.

(./Memoria.out) (./Memoria.out)
\@outlinefile=\write6
\openout6 = `Memoria.out'.


*geometry* driver: auto-detecting
*geometry* detected driver: pdftex
*geometry* verbose mode - [ preamble ] result:
* driver: pdftex
* paper: a4paper
* layout: <same size as paper>
* layoutoffset:(h,v)=(0.0pt,0.0pt)
* modes: twoside 
* h-part:(L,W,R)=(71.13188pt, 455.24411pt, 71.13188pt)
* v-part:(T,H,B)=(85.35826pt, 674.33032pt, 85.35826pt)
* \paperwidth=597.50787pt
* \paperheight=845.04684pt
* \textwidth=455.24411pt
* \textheight=674.33032pt
* \oddsidemargin=-1.1381pt
* \evensidemargin=-1.1381pt
* \topmargin=-18.78552pt
* \headheight=16.0pt
* \headsep=19.8738pt
* \topskip=12.0pt
* \footskip=30.0pt
* \marginparwidth=88.0pt
* \marginparsep=7.0pt
* \columnsep=10.0pt
* \skip\footins=10.8pt plus 4.0pt minus 2.0pt
* \hoffset=0.0pt
* \voffset=0.0pt
* \mag=1000
* \@twocolumnfalse
* \@twosidetrue
* \@mparswitchtrue
* \@reversemarginfalse
* (1in=72.27pt=25.4mm, 1cm=28.453pt)

(./Memoria.glsdefs)
Package tocstyle Info: prepare \l@part for redefinition on input line 90.
Package tocstyle Info: prepare \l@chapter for redefinition on input line 90.
Package tocstyle Info: prepare \l@section for redefinition on input line 90.
Package tocstyle Info: prepare \l@subsection for redefinition on input line 90.

Package tocstyle Info: prepare \l@table for redefinition on input line 90.
Package tocstyle Info: prepare \l@figure for redefinition on input line 90.


Package tocstyle Warning: unexpected \@dottedtocline definition!
(tocstyle)                You are either using an unknown LaTeX kernel
(tocstyle)                version, an unknown class or package, that redefines
(tocstyle)                \@dottedtocline, or a \@dottedtocline redefinition
(tocstyle)                at the document preamble.
(tocstyle)                Because of this you may get unexpected results!
(tocstyle)                Maybe it would be better not to use package tocstyle.


Package tocstyle Info: Unexpected definition is:
(tocstyle)             macro:#1#2#3#4#5->\ifnum #1>\c@tocdepth \else \vskip \z@
 \@plus .2\p@ {\leftskip #2\relax \rightskip \@tocrmarg \parfillskip -\rightski
p \parindent #2\relax \@afterindenttrue \interlinepenalty \@M \leavevmode \@tem
pdima #3\relax \advance \leftskip \@tempdima \null \nobreak \hskip -\leftskip {
#4}\nobreak \leaders \hbox {$\m@th \mkern \@dotsep mu\hbox {.}\mkern \@dotsep m
u$}\hfill \nobreak \hb@xt@ \@pnumwidth {\hfil \normalfont \normalcolor #5\kern 
-\p@ \kern \p@ }\par }\fi  on input line 90.
<logoURJC.png, id=223, 316.18124pt x 158.5925pt>
File: logoURJC.png Graphic file (type png)
<use logoURJC.png>
Package pdftex.def Info: logoURJC.png  used on input line 96.
(pdftex.def)             Requested size: 182.09486pt x 91.33757pt.

LaTeX Font Warning: Font shape `OT1/cmr/m/n' in size <15.5> not available
(Font)              size <14.4> substituted on input line 100.

LaTeX Font Info:    Try loading font information for OT1+lmss on input line 107
.
(/usr/local/texlive/2019/texmf-dist/tex/latex/lm/ot1lmss.fd
File: ot1lmss.fd 2009/10/30 v1.6 Font defs for Latin Modern
) [1

\openout3 = `Memoria.ist'.




{/usr/local/texlive/2019/texmf-var/fonts/map/pdftex/updmap/pdftex.map} <./logoU
RJC.png>]
[2] [3

] [4

]
Underfull \hbox (badness 10000) in paragraph at lines 145--146

 []


Underfull \hbox (badness 10000) in paragraph at lines 147--148

 []


Underfull \hbox (badness 10000) in paragraph at lines 149--150

 []


Underfull \vbox (badness 3679) has occurred while \output is active []

 [1]
[2] [3] [4

] (./Memoria.toc
LaTeX Info: Redefining \. on input line 1.
LaTeX Info: Redefining \% on input line 1.

number indent by \l@... (toc, 0):  0.0pt
text indent by \l@... (toc, 0):  17.62482pt
number indent by parent (toc, 0):  0.0pt
text indent calculated (toc, 0): 13.5pt
number indent calculated (toc, 0): 0.0pt
number indent by \l@... (toc, 0):  0.0pt
text indent by \l@... (toc, 0):  17.62482pt
number indent by parent (toc, 0):  0.0pt
text indent calculated (toc, 0): 13.5pt
number indent calculated (toc, 0): 0.0pt
number indent by \l@... (toc, 0):  0.0pt
text indent by \l@... (toc, 0):  17.62482pt
number indent by parent (toc, 0):  0.0pt
text indent calculated (toc, 0): 13.5pt
number indent calculated (toc, 0): 0.0pt

Overfull \hbox (5.10277pt too wide) detected at line 4
 \OT1/cmr/bx/n/12 XIII
 []

number indent by \l@... (toc, 0):  0.0pt
text indent by \l@... (toc, 0):  17.62482pt
number indent by parent (toc, 0):  0.0pt
text indent calculated (toc, 0): 13.5pt
number indent calculated (toc, 0): 0.0pt
number indent by \l@... (toc, 1):  17.62482pt
text indent by \l@... (toc, 1):  27.02475pt
number indent by parent (toc, 1):  13.5pt
text indent calculated (toc, 1): 20.88867pt
number indent calculated (toc, 1): 13.5pt
number indent by \l@... (toc, 1):  17.62482pt
text indent by \l@... (toc, 1):  27.02475pt
number indent by parent (toc, 1):  13.5pt
text indent calculated (toc, 1): 20.88867pt
number indent calculated (toc, 1): 13.5pt
number indent by \l@... (toc, 2):  44.64957pt
text indent by \l@... (toc, 2):  37.59956pt
number indent by parent (toc, 2):  34.38867pt
text indent calculated (toc, 2): 30.02747pt
number indent calculated (toc, 2): 34.38867pt
number indent by \l@... (toc, 2):  44.64957pt
text indent by \l@... (toc, 2):  37.59956pt
number indent by parent (toc, 2):  34.38867pt
text indent calculated (toc, 2): 30.02747pt
number indent calculated (toc, 2): 34.38867pt
number indent by \l@... (toc, 2):  44.64957pt
text indent by \l@... (toc, 2):  37.59956pt
number indent by parent (toc, 2):  34.38867pt
text indent calculated (toc, 2): 30.02747pt
number indent calculated (toc, 2): 34.38867pt
number indent by \l@... (toc, 2):  44.64957pt
text indent by \l@... (toc, 2):  37.59956pt
number indent by parent (toc, 2):  34.38867pt
text indent calculated (toc, 2): 30.02747pt
number indent calculated (toc, 2): 34.38867pt
number indent by \l@... (toc, 1):  17.62482pt
text indent by \l@... (toc, 1):  27.02475pt
number indent by parent (toc, 1):  13.5pt
text indent calculated (toc, 1): 20.88867pt
number indent calculated (toc, 1): 13.5pt
number indent by \l@... (toc, 0):  0.0pt
text indent by \l@... (toc, 0):  17.62482pt
number indent by parent (toc, 0):  0.0pt
text indent calculated (toc, 0): 13.5pt
number indent calculated (toc, 0): 0.0pt
number indent by \l@... (toc, 1):  17.62482pt
text indent by \l@... (toc, 1):  27.02475pt
number indent by parent (toc, 1):  13.5pt
text indent calculated (toc, 1): 20.88867pt
number indent calculated (toc, 1): 13.5pt
number indent by \l@... (toc, 1):  17.62482pt
text indent by \l@... (toc, 1):  27.02475pt
number indent by parent (toc, 1):  13.5pt
text indent calculated (toc, 1): 20.88867pt
number indent calculated (toc, 1): 13.5pt
number indent by \l@... (toc, 0):  0.0pt
text indent by \l@... (toc, 0):  17.62482pt
number indent by parent (toc, 0):  0.0pt
text indent calculated (toc, 0): 13.5pt
number indent calculated (toc, 0): 0.0pt
number indent by \l@... (toc, 1):  17.62482pt
text indent by \l@... (toc, 1):  27.02475pt
number indent by parent (toc, 1):  13.5pt
text indent calculated (toc, 1): 20.88867pt
number indent calculated (toc, 1): 13.5pt
number indent by \l@... (toc, 2):  44.64957pt
text indent by \l@... (toc, 2):  37.59956pt
number indent by parent (toc, 2):  34.38867pt
text indent calculated (toc, 2): 30.02747pt
number indent calculated (toc, 2): 34.38867pt
number indent by \l@... (toc, 2):  44.64957pt
text indent by \l@... (toc, 2):  37.59956pt
number indent by parent (toc, 2):  34.38867pt
text indent calculated (toc, 2): 30.02747pt
number indent calculated (toc, 2): 34.38867pt
number indent by \l@... (toc, 2):  44.64957pt
text indent by \l@... (toc, 2):  37.59956pt
number indent by parent (toc, 2):  34.38867pt
text indent calculated (toc, 2): 30.02747pt
number indent calculated (toc, 2): 34.38867pt
number indent by \l@... (toc, 1):  17.62482pt
text indent by \l@... (toc, 1):  27.02475pt
number indent by parent (toc, 1):  13.5pt
text indent calculated (toc, 1): 20.88867pt
number indent calculated (toc, 1): 13.5pt
number indent by \l@... (toc, 2):  44.64957pt
text indent by \l@... (toc, 2):  37.59956pt
number indent by parent (toc, 2):  34.38867pt
text indent calculated (toc, 2): 30.02747pt
number indent calculated (toc, 2): 34.38867pt
number indent by \l@... (toc, 2):  44.64957pt
text indent by \l@... (toc, 2):  37.59956pt
number indent by parent (toc, 2):  34.38867pt
text indent calculated (toc, 2): 30.02747pt
number indent calculated (toc, 2): 34.38867pt
number indent by \l@... (toc, 1):  17.62482pt
text indent by \l@... (toc, 1):  27.02475pt
number indent by parent (toc, 1):  13.5pt
text indent calculated (toc, 1): 20.88867pt
number indent calculated (toc, 1): 13.5pt
number indent by \l@... (toc, 2):  44.64957pt
text indent by \l@... (toc, 2):  37.59956pt
number indent by parent (toc, 2):  34.38867pt
text indent calculated (toc, 2): 30.02747pt
number indent calculated (toc, 2): 34.38867pt

Underfull \vbox (badness 3792) has occurred while \output is active []

 [5]
number indent by \l@... (toc, 2):  44.64957pt
text indent by \l@... (toc, 2):  37.59956pt
number indent by parent (toc, 2):  34.38867pt
text indent calculated (toc, 2): 30.02747pt
number indent calculated (toc, 2): 34.38867pt
number indent by \l@... (toc, 0):  0.0pt
text indent by \l@... (toc, 0):  17.62482pt
number indent by parent (toc, 0):  0.0pt
text indent calculated (toc, 0): 13.5pt
number indent calculated (toc, 0): 0.0pt
number indent by \l@... (toc, 1):  17.62482pt
text indent by \l@... (toc, 1):  27.02475pt
number indent by parent (toc, 1):  13.5pt
text indent calculated (toc, 1): 20.88867pt
number indent calculated (toc, 1): 13.5pt
number indent by \l@... (toc, 2):  44.64957pt
text indent by \l@... (toc, 2):  37.59956pt
number indent by parent (toc, 2):  34.38867pt
text indent calculated (toc, 2): 30.02747pt
number indent calculated (toc, 2): 34.38867pt
number indent by \l@... (toc, 2):  44.64957pt
text indent by \l@... (toc, 2):  37.59956pt
number indent by parent (toc, 2):  34.38867pt
text indent calculated (toc, 2): 30.02747pt
number indent calculated (toc, 2): 34.38867pt
number indent by \l@... (toc, 1):  17.62482pt
text indent by \l@... (toc, 1):  27.02475pt
number indent by parent (toc, 1):  13.5pt
text indent calculated (toc, 1): 20.88867pt
number indent calculated (toc, 1): 13.5pt
number indent by \l@... (toc, 2):  44.64957pt
text indent by \l@... (toc, 2):  37.59956pt
number indent by parent (toc, 2):  34.38867pt
text indent calculated (toc, 2): 30.02747pt
number indent calculated (toc, 2): 34.38867pt
number indent by \l@... (toc, 2):  44.64957pt
text indent by \l@... (toc, 2):  37.59956pt
number indent by parent (toc, 2):  34.38867pt
text indent calculated (toc, 2): 30.02747pt
number indent calculated (toc, 2): 34.38867pt
number indent by \l@... (toc, 2):  44.64957pt
text indent by \l@... (toc, 2):  37.59956pt
number indent by parent (toc, 2):  34.38867pt
text indent calculated (toc, 2): 30.02747pt
number indent calculated (toc, 2): 34.38867pt
number indent by \l@... (toc, 2):  44.64957pt
text indent by \l@... (toc, 2):  37.59956pt
number indent by parent (toc, 2):  34.38867pt
text indent calculated (toc, 2): 30.02747pt
number indent calculated (toc, 2): 34.38867pt
number indent by \l@... (toc, 2):  44.64957pt
text indent by \l@... (toc, 2):  37.59956pt
number indent by parent (toc, 2):  34.38867pt
text indent calculated (toc, 2): 30.02747pt
number indent calculated (toc, 2): 34.38867pt
number indent by \l@... (toc, 2):  44.64957pt
text indent by \l@... (toc, 2):  37.59956pt
number indent by parent (toc, 2):  34.38867pt
text indent calculated (toc, 2): 30.02747pt
number indent calculated (toc, 2): 34.38867pt
number indent by \l@... (toc, 1):  17.62482pt
text indent by \l@... (toc, 1):  27.02475pt
number indent by parent (toc, 1):  13.5pt
text indent calculated (toc, 1): 20.88867pt
number indent calculated (toc, 1): 13.5pt
number indent by \l@... (toc, 1):  17.62482pt
text indent by \l@... (toc, 1):  27.02475pt
number indent by parent (toc, 1):  13.5pt
text indent calculated (toc, 1): 20.88867pt
number indent calculated (toc, 1): 13.5pt
number indent by \l@... (toc, 2):  44.64957pt
text indent by \l@... (toc, 2):  37.59956pt
number indent by parent (toc, 2):  34.38867pt
text indent calculated (toc, 2): 30.02747pt
number indent calculated (toc, 2): 34.38867pt
number indent by \l@... (toc, 2):  44.64957pt
text indent by \l@... (toc, 2):  37.59956pt
number indent by parent (toc, 2):  34.38867pt
text indent calculated (toc, 2): 30.02747pt
number indent calculated (toc, 2): 34.38867pt
number indent by \l@... (toc, 2):  44.64957pt
text indent by \l@... (toc, 2):  37.59956pt
number indent by parent (toc, 2):  34.38867pt
text indent calculated (toc, 2): 30.02747pt
number indent calculated (toc, 2): 34.38867pt
number indent by \l@... (toc, 0):  0.0pt
text indent by \l@... (toc, 0):  17.62482pt
number indent by parent (toc, 0):  0.0pt
text indent calculated (toc, 0): 13.5pt
number indent calculated (toc, 0): 0.0pt
number indent by \l@... (toc, 1):  17.62482pt
text indent by \l@... (toc, 1):  27.02475pt
number indent by parent (toc, 1):  13.5pt
text indent calculated (toc, 1): 20.88867pt
number indent calculated (toc, 1): 13.5pt
number indent by \l@... (toc, 2):  44.64957pt
text indent by \l@... (toc, 2):  37.59956pt
number indent by parent (toc, 2):  34.38867pt
text indent calculated (toc, 2): 30.02747pt
number indent calculated (toc, 2): 34.38867pt
number indent by \l@... (toc, 2):  44.64957pt
text indent by \l@... (toc, 2):  37.59956pt
number indent by parent (toc, 2):  34.38867pt
text indent calculated (toc, 2): 30.02747pt
number indent calculated (toc, 2): 34.38867pt
number indent by \l@... (toc, 1):  17.62482pt
text indent by \l@... (toc, 1):  27.02475pt
number indent by parent (toc, 1):  13.5pt
text indent calculated (toc, 1): 20.88867pt
number indent calculated (toc, 1): 13.5pt
number indent by \l@... (toc, 2):  44.64957pt
text indent by \l@... (toc, 2):  37.59956pt
number indent by parent (toc, 2):  34.38867pt
text indent calculated (toc, 2): 30.02747pt
number indent calculated (toc, 2): 34.38867pt
number indent by \l@... (toc, 2):  44.64957pt
text indent by \l@... (toc, 2):  37.59956pt
number indent by parent (toc, 2):  34.38867pt
text indent calculated (toc, 2): 30.02747pt
number indent calculated (toc, 2): 34.38867pt
number indent by \l@... (toc, 1):  17.62482pt
text indent by \l@... (toc, 1):  27.02475pt
number indent by parent (toc, 1):  13.5pt
text indent calculated (toc, 1): 20.88867pt
number indent calculated (toc, 1): 13.5pt
number indent by \l@... (toc, 2):  44.64957pt
text indent by \l@... (toc, 2):  37.59956pt
number indent by parent (toc, 2):  34.38867pt
text indent calculated (toc, 2): 30.02747pt
number indent calculated (toc, 2): 34.38867pt
number indent by \l@... (toc, 2):  44.64957pt
text indent by \l@... (toc, 2):  37.59956pt
number indent by parent (toc, 2):  34.38867pt
text indent calculated (toc, 2): 30.02747pt
number indent calculated (toc, 2): 34.38867pt
number indent by \l@... (toc, 0):  0.0pt
text indent by \l@... (toc, 0):  17.62482pt
number indent by parent (toc, 0):  0.0pt
text indent calculated (toc, 0): 13.5pt
number indent calculated (toc, 0): 0.0pt
number indent by \l@... (toc, 1):  17.62482pt
text indent by \l@... (toc, 1):  27.02475pt
number indent by parent (toc, 1):  13.5pt
text indent calculated (toc, 1): 20.88867pt
number indent calculated (toc, 1): 13.5pt
number indent by \l@... (toc, 1):  17.62482pt
text indent by \l@... (toc, 1):  27.02475pt
number indent by parent (toc, 1):  13.5pt
text indent calculated (toc, 1): 20.88867pt
number indent calculated (toc, 1): 13.5pt
LaTeX Info: Redefining \. on input line 61.
LaTeX Info: Redefining \% on input line 61.
[6]
number indent by \l@... (toc, 0):  0.0pt
text indent by \l@... (toc, 0):  17.62482pt
number indent by parent (toc, 0):  0.0pt
text indent calculated (toc, 0): 13.5pt
number indent calculated (toc, 0): 0.0pt
)
\tf@toc=\write7
\openout7 = `Memoria.toc'.

LaTeX Info: Redefining \. on input line 161.
LaTeX Info: Redefining \% on input line 161.
 [7] [8

] (./Memoria.lof
LaTeX Info: Redefining \. on input line 1.
LaTeX Info: Redefining \% on input line 1.

number indent by \l@... (lof, 1):  17.62482pt
text indent by \l@... (lof, 1):  27.02475pt
number indent by parent (lof, 1):  17.62482pt
text indent calculated (lof, 1): 26.76361pt
number indent calculated (lof, 1): 17.62482pt
number indent by \l@... (lof, 1):  17.62482pt
text indent by \l@... (lof, 1):  27.02475pt
number indent by parent (lof, 1):  17.62482pt
text indent calculated (lof, 1): 26.76361pt
number indent calculated (lof, 1): 17.62482pt
number indent by \l@... (lof, 1):  17.62482pt
text indent by \l@... (lof, 1):  27.02475pt
number indent by parent (lof, 1):  17.62482pt
text indent calculated (lof, 1): 26.76361pt
number indent calculated (lof, 1): 17.62482pt
number indent by \l@... (lof, 1):  17.62482pt
text indent by \l@... (lof, 1):  27.02475pt
number indent by parent (lof, 1):  17.62482pt
text indent calculated (lof, 1): 26.76361pt
number indent calculated (lof, 1): 17.62482pt
number indent by \l@... (lof, 1):  17.62482pt
text indent by \l@... (lof, 1):  27.02475pt
number indent by parent (lof, 1):  17.62482pt
text indent calculated (lof, 1): 26.76361pt
number indent calculated (lof, 1): 17.62482pt
number indent by \l@... (lof, 1):  17.62482pt
text indent by \l@... (lof, 1):  27.02475pt
number indent by parent (lof, 1):  17.62482pt
text indent calculated (lof, 1): 26.76361pt
number indent calculated (lof, 1): 17.62482pt
number indent by \l@... (lof, 1):  17.62482pt
text indent by \l@... (lof, 1):  27.02475pt
number indent by parent (lof, 1):  17.62482pt
text indent calculated (lof, 1): 26.76361pt
number indent calculated (lof, 1): 17.62482pt
number indent by \l@... (lof, 1):  17.62482pt
text indent by \l@... (lof, 1):  27.02475pt
number indent by parent (lof, 1):  17.62482pt
text indent calculated (lof, 1): 26.76361pt
number indent calculated (lof, 1): 17.62482pt
number indent by \l@... (lof, 1):  17.62482pt
text indent by \l@... (lof, 1):  27.02475pt
number indent by parent (lof, 1):  17.62482pt
text indent calculated (lof, 1): 26.76361pt
number indent calculated (lof, 1): 17.62482pt
number indent by \l@... (lof, 1):  17.62482pt
text indent by \l@... (lof, 1):  27.02475pt
number indent by parent (lof, 1):  17.62482pt
text indent calculated (lof, 1): 26.76361pt
number indent calculated (lof, 1): 17.62482pt
number indent by \l@... (lof, 1):  17.62482pt
text indent by \l@... (lof, 1):  27.02475pt
number indent by parent (lof, 1):  17.62482pt
text indent calculated (lof, 1): 26.76361pt
number indent calculated (lof, 1): 17.62482pt
number indent by \l@... (lof, 1):  17.62482pt
text indent by \l@... (lof, 1):  27.02475pt
number indent by parent (lof, 1):  17.62482pt
text indent calculated (lof, 1): 26.76361pt
number indent calculated (lof, 1): 17.62482pt
number indent by \l@... (lof, 1):  17.62482pt
text indent by \l@... (lof, 1):  27.02475pt
number indent by parent (lof, 1):  17.62482pt
text indent calculated (lof, 1): 26.76361pt
number indent calculated (lof, 1): 17.62482pt
number indent by \l@... (lof, 1):  17.62482pt
text indent by \l@... (lof, 1):  27.02475pt
number indent by parent (lof, 1):  17.62482pt
text indent calculated (lof, 1): 26.76361pt
number indent calculated (lof, 1): 17.62482pt
number indent by \l@... (lof, 1):  17.62482pt
text indent by \l@... (lof, 1):  27.02475pt
number indent by parent (lof, 1):  17.62482pt
text indent calculated (lof, 1): 26.76361pt
number indent calculated (lof, 1): 17.62482pt
number indent by \l@... (lof, 1):  17.62482pt
text indent by \l@... (lof, 1):  27.02475pt
number indent by parent (lof, 1):  17.62482pt
text indent calculated (lof, 1): 26.76361pt
number indent calculated (lof, 1): 17.62482pt
number indent by \l@... (lof, 1):  17.62482pt
text indent by \l@... (lof, 1):  27.02475pt
number indent by parent (lof, 1):  17.62482pt
text indent calculated (lof, 1): 26.76361pt
number indent calculated (lof, 1): 17.62482pt
number indent by \l@... (lof, 1):  17.62482pt
text indent by \l@... (lof, 1):  27.02475pt
number indent by parent (lof, 1):  17.62482pt
text indent calculated (lof, 1): 26.76361pt
number indent calculated (lof, 1): 17.62482pt
number indent by \l@... (lof, 1):  17.62482pt
text indent by \l@... (lof, 1):  27.02475pt
number indent by parent (lof, 1):  17.62482pt
text indent calculated (lof, 1): 26.76361pt
number indent calculated (lof, 1): 17.62482pt
number indent by \l@... (lof, 1):  17.62482pt
text indent by \l@... (lof, 1):  27.02475pt
number indent by parent (lof, 1):  17.62482pt
text indent calculated (lof, 1): 26.76361pt
number indent calculated (lof, 1): 17.62482pt
number indent by \l@... (lof, 1):  17.62482pt
text indent by \l@... (lof, 1):  27.02475pt
number indent by parent (lof, 1):  17.62482pt
text indent calculated (lof, 1): 26.76361pt
number indent calculated (lof, 1): 17.62482pt
number indent by \l@... (lof, 1):  17.62482pt
text indent by \l@... (lof, 1):  27.02475pt
number indent by parent (lof, 1):  17.62482pt
text indent calculated (lof, 1): 26.76361pt
number indent calculated (lof, 1): 17.62482pt
number indent by \l@... (lof, 1):  17.62482pt
text indent by \l@... (lof, 1):  27.02475pt
number indent by parent (lof, 1):  17.62482pt
text indent calculated (lof, 1): 26.76361pt
number indent calculated (lof, 1): 17.62482pt
number indent by \l@... (lof, 1):  17.62482pt
text indent by \l@... (lof, 1):  27.02475pt
number indent by parent (lof, 1):  17.62482pt
text indent calculated (lof, 1): 26.76361pt
number indent calculated (lof, 1): 17.62482pt
[9

]
number indent by \l@... (lof, 1):  17.62482pt
text indent by \l@... (lof, 1):  27.02475pt
number indent by parent (lof, 1):  17.62482pt
text indent calculated (lof, 1): 26.76361pt
number indent calculated (lof, 1): 17.62482pt
number indent by \l@... (lof, 1):  17.62482pt
text indent by \l@... (lof, 1):  27.02475pt
number indent by parent (lof, 1):  17.62482pt
text indent calculated (lof, 1): 26.76361pt
number indent calculated (lof, 1): 17.62482pt
number indent by \l@... (lof, 1):  17.62482pt
text indent by \l@... (lof, 1):  27.02475pt
number indent by parent (lof, 1):  17.62482pt
text indent calculated (lof, 1): 26.76361pt
number indent calculated (lof, 1): 17.62482pt
number indent by \l@... (lof, 1):  17.62482pt
text indent by \l@... (lof, 1):  27.02475pt
number indent by parent (lof, 1):  17.62482pt
text indent calculated (lof, 1): 26.76361pt
number indent calculated (lof, 1): 17.62482pt
number indent by \l@... (lof, 1):  17.62482pt
text indent by \l@... (lof, 1):  27.02475pt
number indent by parent (lof, 1):  17.62482pt
text indent calculated (lof, 1): 26.76361pt
number indent calculated (lof, 1): 17.62482pt
number indent by \l@... (lof, 1):  17.62482pt
text indent by \l@... (lof, 1):  27.02475pt
number indent by parent (lof, 1):  17.62482pt
text indent calculated (lof, 1): 26.76361pt
number indent calculated (lof, 1): 17.62482pt
number indent by \l@... (lof, 1):  17.62482pt
text indent by \l@... (lof, 1):  27.02475pt
number indent by parent (lof, 1):  17.62482pt
text indent calculated (lof, 1): 26.76361pt
number indent calculated (lof, 1): 17.62482pt
number indent by \l@... (lof, 1):  17.62482pt
text indent by \l@... (lof, 1):  27.02475pt
number indent by parent (lof, 1):  17.62482pt
text indent calculated (lof, 1): 26.76361pt
number indent calculated (lof, 1): 17.62482pt
number indent by \l@... (lof, 1):  17.62482pt
text indent by \l@... (lof, 1):  27.02475pt
number indent by parent (lof, 1):  17.62482pt
text indent calculated (lof, 1): 26.76361pt
number indent calculated (lof, 1): 17.62482pt
number indent by \l@... (lof, 1):  17.62482pt
text indent by \l@... (lof, 1):  27.02475pt
number indent by parent (lof, 1):  17.62482pt
text indent calculated (lof, 1): 26.76361pt
number indent calculated (lof, 1): 17.62482pt
number indent by \l@... (lof, 1):  17.62482pt
text indent by \l@... (lof, 1):  27.02475pt
number indent by parent (lof, 1):  17.62482pt
text indent calculated (lof, 1): 26.76361pt
number indent calculated (lof, 1): 17.62482pt
number indent by \l@... (lof, 1):  17.62482pt
text indent by \l@... (lof, 1):  27.02475pt
number indent by parent (lof, 1):  17.62482pt
text indent calculated (lof, 1): 26.76361pt
number indent calculated (lof, 1): 17.62482pt
number indent by \l@... (lof, 1):  17.62482pt
text indent by \l@... (lof, 1):  27.02475pt
number indent by parent (lof, 1):  17.62482pt
text indent calculated (lof, 1): 26.76361pt
number indent calculated (lof, 1): 17.62482pt
number indent by \l@... (lof, 1):  17.62482pt
text indent by \l@... (lof, 1):  27.02475pt
number indent by parent (lof, 1):  17.62482pt
text indent calculated (lof, 1): 26.76361pt
number indent calculated (lof, 1): 17.62482pt
number indent by \l@... (lof, 1):  17.62482pt
text indent by \l@... (lof, 1):  27.02475pt
number indent by parent (lof, 1):  17.62482pt
text indent calculated (lof, 1): 26.76361pt
number indent calculated (lof, 1): 17.62482pt
number indent by \l@... (lof, 1):  17.62482pt
text indent by \l@... (lof, 1):  27.02475pt
number indent by parent (lof, 1):  17.62482pt
text indent calculated (lof, 1): 26.76361pt
number indent calculated (lof, 1): 17.62482pt
)
\tf@lof=\write8
\openout8 = `Memoria.lof'.

LaTeX Info: Redefining \. on input line 167.
LaTeX Info: Redefining \% on input line 167.
 [10] (./Memoria.lot
LaTeX Info: Redefining \. on input line 1.
LaTeX Info: Redefining \% on input line 1.

number indent by \l@... (lot, 1):  17.62482pt
text indent by \l@... (lot, 1):  27.02475pt
number indent by parent (lot, 1):  17.62482pt
text indent calculated (lot, 1): 20.88867pt
number indent calculated (lot, 1): 17.62482pt
number indent by \l@... (lot, 1):  17.62482pt
text indent by \l@... (lot, 1):  27.02475pt
number indent by parent (lot, 1):  17.62482pt
text indent calculated (lot, 1): 20.88867pt
number indent calculated (lot, 1): 17.62482pt
number indent by \l@... (lot, 1):  17.62482pt
text indent by \l@... (lot, 1):  27.02475pt
number indent by parent (lot, 1):  17.62482pt
text indent calculated (lot, 1): 20.88867pt
number indent calculated (lot, 1): 17.62482pt
number indent by \l@... (lot, 1):  17.62482pt
text indent by \l@... (lot, 1):  27.02475pt
number indent by parent (lot, 1):  17.62482pt
text indent calculated (lot, 1): 20.88867pt
number indent calculated (lot, 1): 17.62482pt
number indent by \l@... (lot, 1):  17.62482pt
text indent by \l@... (lot, 1):  27.02475pt
number indent by parent (lot, 1):  17.62482pt
text indent calculated (lot, 1): 20.88867pt
number indent calculated (lot, 1): 17.62482pt
number indent by \l@... (lot, 1):  17.62482pt
text indent by \l@... (lot, 1):  27.02475pt
number indent by parent (lot, 1):  17.62482pt
text indent calculated (lot, 1): 20.88867pt
number indent calculated (lot, 1): 17.62482pt
)
\tf@lot=\write9
\openout9 = `Memoria.lot'.

 [11

] [12

] (./Memoria.acr) [13


] [14

]
Cap\'{\i }tulo 1.

Underfull \hbox (badness 10000) in paragraph at lines 180--181

 []


Underfull \hbox (badness 10000) in paragraph at lines 221--222

 []


Underfull \hbox (badness 10000) in paragraph at lines 223--224

 []

pdfTeX warning (ext4): destination with the same identifier (name{page.1}) has 
been already used, duplicate ignored
<to be read again> 
                   \relax 
l.226 
       [1]
Underfull \hbox (badness 10000) in paragraph at lines 227--228

 []


Underfull \hbox (badness 10000) in paragraph at lines 229--230

 []


Underfull \hbox (badness 10000) in paragraph at lines 231--232

 []


Underfull \hbox (badness 10000) in paragraph at lines 242--243

 []

LaTeX Info: Redefining \. on input line 243.
LaTeX Info: Redefining \% on input line 243.
pdfTeX warning (ext4): destination with the same identifier (name{page.2}) has 
been already used, duplicate ignored
<to be read again> 
                   \relax 
l.243 
       [2]
<./ModeloMachineLearning.jpg, id=571, 923.45pt x 684.5575pt>
File: ./ModeloMachineLearning.jpg Graphic file (type jpg)
<use ./ModeloMachineLearning.jpg>
Package pdftex.def Info: ./ModeloMachineLearning.jpg  used on input line 246.
(pdftex.def)             Requested size: 256.0748pt x 189.82593pt.

Underfull \hbox (badness 10000) in paragraph at lines 252--253

 []


Underfull \hbox (badness 10000) in paragraph at lines 254--255

 []

LaTeX Info: Redefining \. on input line 260.
LaTeX Info: Redefining \% on input line 260.
pdfTeX warning (ext4): destination with the same identifier (name{page.3}) has 
been already used, duplicate ignored
<to be read again> 
                   \relax 
l.260 \item \textbf
                   {Automatizacin industrial:} El \acrshort{AA} est ayudan...
[3 <./ModeloMachineLearning.jpg>]
<./CancerDL.png, id=585, 589.0005pt x 331.83975pt>
File: ./CancerDL.png Graphic file (type png)
<use ./CancerDL.png>
Package pdftex.def Info: ./CancerDL.png  used on input line 265.
(pdftex.def)             Requested size: 256.0748pt x 144.27823pt.

Underfull \hbox (badness 10000) in paragraph at lines 274--275

 []

LaTeX Info: Redefining \. on input line 276.
LaTeX Info: Redefining \% on input line 276.
pdfTeX warning (ext4): destination with the same identifier (name{page.4}) has 
been already used, duplicate ignored
<to be read again> 
                   \relax 
l.276 P
       or ello, a partir de las redes neuronales biolgicas, se crean las re...
[4 <./CancerDL.png>]
LaTeX Font Info:    Try loading font information for OML+cmr on input line 279.


(/usr/local/texlive/2019/texmf-dist/tex/latex/base/omlcmr.fd
File: omlcmr.fd 2014/09/29 v2.5h Standard LaTeX font definitions
)
LaTeX Font Info:    Font shape `OML/cmr/m/n' in size <12> not available
(Font)              Font shape `OML/cmm/m/it' tried instead on input line 279.
<./ModeloRedNeuronal.png, id=596, 1604.99625pt x 1049.9225pt>
File: ./ModeloRedNeuronal.png Graphic file (type png)
<use ./ModeloRedNeuronal.png>
Package pdftex.def Info: ./ModeloRedNeuronal.png  used on input line 286.
(pdftex.def)             Requested size: 312.9803pt x 204.72604pt.

Underfull \hbox (badness 10000) in paragraph at lines 292--293

 []

LaTeX Info: Redefining \. on input line 295.
LaTeX Info: Redefining \% on input line 295.
[5 <./ModeloRedNeuronal.png>]
<./ModeloRNA.png, id=608, 473.77pt x 196.735pt>
File: ./ModeloRNA.png Graphic file (type png)
<use ./ModeloRNA.png>
Package pdftex.def Info: ./ModeloRNA.png  used on input line 304.
(pdftex.def)             Requested size: 398.33858pt x 165.41534pt.

Underfull \hbox (badness 10000) in paragraph at lines 310--311

 []

LaTeX Info: Redefining \. on input line 314.
LaTeX Info: Redefining \% on input line 314.
[6 <./ModeloRNA.png>]
LaTeX Info: Redefining \. on input line 332.
LaTeX Info: Redefining \% on input line 332.
 [7]
Underfull \hbox (badness 10000) in paragraph at lines 339--340

 []


Underfull \hbox (badness 10000) in paragraph at lines 341--342

 []

<./CNN.png, id=631, 286.06876pt x 197.73875pt>
File: ./CNN.png Graphic file (type png)
<use ./CNN.png>
Package pdftex.def Info: ./CNN.png  used on input line 347.
(pdftex.def)             Requested size: 227.62204pt x 157.34035pt.

Underfull \hbox (badness 10000) in paragraph at lines 353--354

 []

LaTeX Info: Redefining \. on input line 354.
LaTeX Info: Redefining \% on input line 354.
[8 <./CNN.png>]
<./CNN_ConvolutionLayer.png, id=641, 344.28625pt x 196.735pt>
File: ./CNN_ConvolutionLayer.png Graphic file (type png)
<use ./CNN_ConvolutionLayer.png>
Package pdftex.def Info: ./CNN_ConvolutionLayer.png  used on input line 357.
(pdftex.def)             Requested size: 256.0748pt x 146.32909pt.

Underfull \hbox (badness 10000) in paragraph at lines 365--366

 []

LaTeX Info: Redefining \. on input line 372.
LaTeX Info: Redefining \% on input line 372.
[9 <./CNN_ConvolutionLayer.png>]
Underfull \hbox (badness 10000) in paragraph at lines 373--374

 []

LaTeX Info: Redefining \. on input line 384.
LaTeX Info: Redefining \% on input line 384.
[10]
Underfull \hbox (badness 10000) in paragraph at lines 389--390

 []


Underfull \hbox (badness 10000) in paragraph at lines 391--392

 []


Underfull \hbox (badness 10000) in paragraph at lines 393--394

 []


Underfull \hbox (badness 10000) in paragraph at lines 395--396

 []


Underfull \hbox (badness 10000) in paragraph at lines 397--398

 []

LaTeX Info: Redefining \. on input line 398.
LaTeX Info: Redefining \% on input line 398.
[11]
<./MarcoIA.png, id=683, 820.06375pt x 792.9625pt>
File: ./MarcoIA.png Graphic file (type png)
<use ./MarcoIA.png>
Package pdftex.def Info: ./MarcoIA.png  used on input line 401.
(pdftex.def)             Requested size: 284.52756pt x 275.13321pt.

Underfull \hbox (badness 10000) in paragraph at lines 407--408

 []


Underfull \hbox (badness 10000) in paragraph at lines 409--410

 []

<./MLvsDL.png, id=687, 628.3475pt x 134.5025pt>
File: ./MLvsDL.png Graphic file (type png)
<use ./MLvsDL.png>
Package pdftex.def Info: ./MLvsDL.png  used on input line 413.
(pdftex.def)             Requested size: 398.33858pt x 85.26651pt.

Underfull \vbox (badness 10000) has occurred while \output is active []

LaTeX Info: Redefining \. on input line 418.
LaTeX Info: Redefining \% on input line 418.
 [12 <./MarcoIA.png>]
Underfull \hbox (badness 10000) in paragraph at lines 422--423

 []


Underfull \hbox (badness 10000) in paragraph at lines 424--425

 []


Underfull \hbox (badness 10000) in paragraph at lines 426--427

 []

<./MNIST.png, id=698, 98.3675pt x 38.1425pt>
File: ./MNIST.png Graphic file (type png)
<use ./MNIST.png>
Package pdftex.def Info: ./MNIST.png  used on input line 431.
(pdftex.def)             Requested size: 142.26378pt x 55.16783pt.
<./SobelMNIST.png, id=699, 130.4875pt x 53.19875pt>
File: ./SobelMNIST.png Graphic file (type png)
<use ./SobelMNIST.png>
Package pdftex.def Info: ./SobelMNIST.png  used on input line 433.
(pdftex.def)             Requested size: 142.26378pt x 58.00089pt.

Underfull \vbox (badness 10000) has occurred while \output is active []

LaTeX Info: Redefining \. on input line 438.
LaTeX Info: Redefining \% on input line 438.
 [13 <./MLvsDL.png>]
Underfull \hbox (badness 10000) in paragraph at lines 439--440

 []


Underfull \hbox (badness 10000) in paragraph at lines 441--442

 []

<./ComponenteClasificador.png, id=711, 276.03125pt x 88.33pt>
File: ./ComponenteClasificador.png Graphic file (type png)
<use ./ComponenteClasificador.png>
Package pdftex.def Info: ./ComponenteClasificador.png  used on input line 445.
(pdftex.def)             Requested size: 426.79134pt x 136.58794pt.

Underfull \hbox (badness 10000) in paragraph at lines 455--456

 []

LaTeX Info: Redefining \. on input line 456.
LaTeX Info: Redefining \% on input line 456.
[14 <./MNIST.png> <./SobelMNIST.png> <./ComponenteClasificador.png>]
<./ComponentKeras.png, id=727, 331.2375pt x 189.70876pt>
File: ./ComponentKeras.png Graphic file (type png)
<use ./ComponentKeras.png>
Package pdftex.def Info: ./ComponentKeras.png  used on input line 459.
(pdftex.def)             Requested size: 426.79134pt x 244.4474pt.

Underfull \hbox (badness 10000) in paragraph at lines 465--466

 []

<./DetectionSuite.png, id=731, 472.76625pt x 318.18875pt>
File: ./DetectionSuite.png Graphic file (type png)
<use ./DetectionSuite.png>
Package pdftex.def Info: ./DetectionSuite.png  used on input line 471.
(pdftex.def)             Requested size: 369.88582pt x 248.95332pt.

Underfull \vbox (badness 10000) has occurred while \output is active []

LaTeX Info: Redefining \. on input line 476.
LaTeX Info: Redefining \% on input line 476.
 [15 <./ComponentKeras.png>]
LaTeX Info: Redefining \. on input line 479.
LaTeX Info: Redefining \% on input line 479.
 [16 <./DetectionSuite.png>]
Cap\'{\i }tulo 2.

Underfull \hbox (badness 10000) in paragraph at lines 506--507

 []


Underfull \vbox (badness 10000) has occurred while \output is active []

 [17

]
Underfull \hbox (badness 10000) in paragraph at lines 508--509

 []


Underfull \hbox (badness 10000) in paragraph at lines 510--511

 []


Underfull \hbox (badness 10000) in paragraph at lines 512--513

 []

LaTeX Info: Redefining \. on input line 519.
LaTeX Info: Redefining \% on input line 519.
[18]
LaTeX Info: Redefining \. on input line 540.
LaTeX Info: Redefining \% on input line 540.
 [19] [20

]
Cap\'{\i }tulo 3.

Underfull \hbox (badness 10000) in paragraph at lines 545--546

 []

[21]
LaTeX Info: Redefining \. on input line 574.
LaTeX Info: Redefining \% on input line 574.
 [22]
Underfull \hbox (badness 10000) in paragraph at lines 582--583

 []


Underfull \hbox (badness 10000) in paragraph at lines 588--589

 []


Underfull \hbox (badness 10000) in paragraph at lines 590--591

 []

LaTeX Info: Redefining \. on input line 598.
LaTeX Info: Redefining \% on input line 598.
[23]
Underfull \hbox (badness 10000) in paragraph at lines 609--610

 []


Underfull \hbox (badness 10000) in paragraph at lines 614--615

 []

<./Convolution.png, id=807, 471.7625pt x 211.79124pt>
File: ./Convolution.png Graphic file (type png)
<use ./Convolution.png>
Package pdftex.def Info: ./Convolution.png  used on input line 618.
(pdftex.def)             Requested size: 256.0748pt x 114.96342pt.

Underfull \hbox (badness 10000) in paragraph at lines 623--624

 []

LaTeX Info: Redefining \. on input line 624.
LaTeX Info: Redefining \% on input line 624.
[24 <./Convolution.png>]
<./Pooling.png, id=814, 236.38312pt x 143.03438pt>
File: ./Pooling.png Graphic file (type png)
<use ./Pooling.png>
Package pdftex.def Info: ./Pooling.png  used on input line 627.
(pdftex.def)             Requested size: 199.16928pt x 120.51907pt.

Underfull \hbox (badness 10000) in paragraph at lines 662--663

 []

LaTeX Info: Redefining \. on input line 663.
LaTeX Info: Redefining \% on input line 663.
[25 <./Pooling.png>]
LaTeX Info: Redefining \. on input line 709.
LaTeX Info: Redefining \% on input line 709.
 [26]
<./ReLu.png, id=834, 496.85625pt x 399.4925pt>
File: ./ReLu.png Graphic file (type png)
<use ./ReLu.png>
Package pdftex.def Info: ./ReLu.png  used on input line 715.
(pdftex.def)             Requested size: 199.16928pt x 160.14162pt.
<./Sigmoid.png, id=838, 300.12125pt x 193.72375pt>
File: ./Sigmoid.png Graphic file (type png)
<use ./Sigmoid.png>
Package pdftex.def Info: ./Sigmoid.png  used on input line 736.
(pdftex.def)             Requested size: 256.0748pt x 165.30444pt.

Underfull \vbox (badness 5147) has occurred while \output is active []

LaTeX Info: Redefining \. on input line 741.
LaTeX Info: Redefining \% on input line 741.
 [27 <./ReLu.png>]
Underfull \hbox (badness 10000) in paragraph at lines 775--776

 []

LaTeX Info: Redefining \. on input line 783.
LaTeX Info: Redefining \% on input line 783.
[28 <./Sigmoid.png>]
Underfull \hbox (badness 10000) in paragraph at lines 806--807

 []

LaTeX Font Info:    Try loading font information for OMS+cmr on input line 815.

(/usr/local/texlive/2019/texmf-dist/tex/latex/base/omscmr.fd
File: omscmr.fd 2014/09/29 v2.5h Standard LaTeX font definitions
)
LaTeX Font Info:    Font shape `OMS/cmr/m/n' in size <12> not available
(Font)              Font shape `OMS/cmsy/m/n' tried instead on input line 815.
LaTeX Info: Redefining \. on input line 816.
LaTeX Info: Redefining \% on input line 816.
 [29]
Underfull \hbox (badness 10000) in paragraph at lines 825--826

 []


Underfull \hbox (badness 10000) in paragraph at lines 827--828

 []


Underfull \hbox (badness 10000) in paragraph at lines 837--838

 []

<./EjemploDetectionSuite1.png, id=865, 1009.7725pt x 537.00626pt>
File: ./EjemploDetectionSuite1.png Graphic file (type png)
<use ./EjemploDetectionSuite1.png>
Package pdftex.def Info: ./EjemploDetectionSuite1.png  used on input line 842.
(pdftex.def)             Requested size: 369.88582pt x 196.70624pt.
<./EjemploDetectionSuite2.png, id=866, 1010.77625pt x 536.0025pt>
File: ./EjemploDetectionSuite2.png Graphic file (type png)
<use ./EjemploDetectionSuite2.png>
Package pdftex.def Info: ./EjemploDetectionSuite2.png  used on input line 845.
(pdftex.def)             Requested size: 369.88582pt x 196.15045pt.
LaTeX Info: Redefining \. on input line 850.
LaTeX Info: Redefining \% on input line 850.
[30]
LaTeX Info: Redefining \. on input line 855.
LaTeX Info: Redefining \% on input line 855.
 [31 <./EjemploDetectionSuite1.png> <./EjemploDetectionSuite2.png>]
Underfull \hbox (badness 10000) in paragraph at lines 908--909

 []


Underfull \hbox (badness 10000) in paragraph at lines 914--915

 []

LaTeX Info: Redefining \. on input line 915.
LaTeX Info: Redefining \% on input line 915.
[32]
<./VOC2012_Statics.png, id=893, 473.51906pt x 441.90094pt>
File: ./VOC2012_Statics.png Graphic file (type png)
<use ./VOC2012_Statics.png>
Package pdftex.def Info: ./VOC2012_Statics.png  used on input line 920.
(pdftex.def)             Requested size: 312.9803pt x 292.08705pt.
LaTeX Info: Redefining \. on input line 934.
LaTeX Info: Redefining \% on input line 934.
 [33 <./VOC2012_Statics.png>]
LaTeX Info: Redefining \. on input line 972.
LaTeX Info: Redefining \% on input line 972.
 [34]
<./Coco_Annotation_1.png, id=941, 533.74406pt x 417.05812pt>
File: ./Coco_Annotation_1.png Graphic file (type png)
<use ./Coco_Annotation_1.png>
Package pdftex.def Info: ./Coco_Annotation_1.png  used on input line 979.
(pdftex.def)             Requested size: 369.88582pt x 289.03044pt.
LaTeX Info: Redefining \. on input line 986.
LaTeX Info: Redefining \% on input line 986.
 [35 <./Coco_Annotation_1.png>]
<./Coco_Annotation_2.png, id=951, 534.49687pt x 207.77625pt>
File: ./Coco_Annotation_2.png Graphic file (type png)
<use ./Coco_Annotation_2.png>
Package pdftex.def Info: ./Coco_Annotation_2.png  used on input line 989.
(pdftex.def)             Requested size: 369.88582pt x 143.79376pt.

Underfull \hbox (badness 10000) in paragraph at lines 995--996

 []

<./COCO_Statics.png, id=957, 615.80063pt x 322.20375pt>
File: ./COCO_Statics.png Graphic file (type png)
<use ./COCO_Statics.png>
Package pdftex.def Info: ./COCO_Statics.png  used on input line 1001.
(pdftex.def)             Requested size: 369.88582pt x 193.53514pt.

Underfull \vbox (badness 10000) has occurred while \output is active []

LaTeX Info: Redefining \. on input line 1005.
LaTeX Info: Redefining \% on input line 1005.
 [36 <./Coco_Annotation_2.png>]
LaTeX Info: Redefining \. on input line 1006.
LaTeX Info: Redefining \% on input line 1006.
 [37 <./COCO_Statics.png>] [38

]
Cap\'{\i }tulo 4.

Underfull \hbox (badness 10000) in paragraph at lines 1009--1010

 []


Underfull \hbox (badness 10000) in paragraph at lines 1015--1016

 []

[39]
<./FrameworkSSD.png, id=989, 454.69875pt x 168.63pt>
File: ./FrameworkSSD.png Graphic file (type png)
<use ./FrameworkSSD.png>
Package pdftex.def Info: ./FrameworkSSD.png  used on input line 1029.
(pdftex.def)             Requested size: 398.33858pt x 147.73099pt.
LaTeX Info: Redefining \. on input line 1040.
LaTeX Info: Redefining \% on input line 1040.
 [40 <./FrameworkSSD.png>]
<./SSD_Architecture.png, id=1007, 765.86125pt x 233.87375pt>
File: ./SSD_Architecture.png Graphic file (type png)
<use ./SSD_Architecture.png>
Package pdftex.def Info: ./SSD_Architecture.png  used on input line 1048.
(pdftex.def)             Requested size: 398.33858pt x 121.64359pt.
 [41 <./SSD_Architecture.png>]
<./VGG-16.png, id=1018, 385.44pt x 219.82124pt>
File: ./VGG-16.png Graphic file (type png)
<use ./VGG-16.png>
Package pdftex.def Info: ./VGG-16.png  used on input line 1058.
(pdftex.def)             Requested size: 369.88582pt x 210.94884pt.
LaTeX Info: Redefining \. on input line 1068.
LaTeX Info: Redefining \% on input line 1068.
 [42 <./VGG-16.png>] [43]
<./HardNegativeMining.png, id=1041, 578.16pt x 290.08376pt>
File: ./HardNegativeMining.png Graphic file (type png)
<use ./HardNegativeMining.png>
Package pdftex.def Info: ./HardNegativeMining.png  used on input line 1086.
(pdftex.def)             Requested size: 369.88582pt x 185.58214pt.
LaTeX Info: Redefining \. on input line 1093.
LaTeX Info: Redefining \% on input line 1093.
 [44 <./HardNegativeMining.png>]
Underfull \hbox (badness 10000) in paragraph at lines 1099--1100

 []

[45]
<./ComponenteDetector.png, id=1064, 557.08125pt x 447.6725pt>
File: ./ComponenteDetector.png Graphic file (type png)
<use ./ComponenteDetector.png>
Package pdftex.def Info: ./ComponenteDetector.png  used on input line 1113.
(pdftex.def)             Requested size: 426.79134pt x 342.98067pt.

Underfull \hbox (badness 10000) in paragraph at lines 1121--1122

 []


Underfull \hbox (badness 10000) in paragraph at lines 1123--1124

 []

[46 <./ComponenteDetector.png>]
Underfull \hbox (badness 10000) in paragraph at lines 1133--1134

 []


Underfull \hbox (badness 10000) in paragraph at lines 1135--1136

 []


Underfull \vbox (badness 10000) has occurred while \output is active []

 [47]
Underfull \hbox (badness 10000) in paragraph at lines 1143--1144

 []


Underfull \hbox (badness 10000) in paragraph at lines 1153--1154

 []


Underfull \hbox (badness 10000) in paragraph at lines 1155--1156

 []


Underfull \hbox (badness 10000) in paragraph at lines 1157--1158

 []


Underfull \hbox (badness 10000) in paragraph at lines 1159--1160

 []

[48]
Underfull \hbox (badness 10000) in paragraph at lines 1166--1167

 []


Underfull \hbox (badness 10000) in paragraph at lines 1168--1169

 []


Underfull \hbox (badness 10000) in paragraph at lines 1174--1175

 []


Underfull \hbox (badness 10000) in paragraph at lines 1180--1181

 []

<./DetectionComponentPython.png, id=1092, 1201.48875pt x 530.98375pt>
File: ./DetectionComponentPython.png Graphic file (type png)
<use ./DetectionComponentPython.png>
Package pdftex.def Info: ./DetectionComponentPython.png  used on input line 118
6.
(pdftex.def)             Requested size: 455.24408pt x 201.19255pt.

Underfull \vbox (badness 10000) has occurred while \output is active []

 [49]
Underfull \hbox (badness 10000) in paragraph at lines 1192--1193

 []


Underfull \hbox (badness 10000) in paragraph at lines 1198--1199

 []


Underfull \hbox (badness 10000) in paragraph at lines 1200--1201

 []

[50 <./DetectionComponentPython.png>]
Underfull \hbox (badness 10000) in paragraph at lines 1202--1203

 []

<./DetectorComponent1.png, id=1113, 1201.48875pt x 526.96875pt>
File: ./DetectorComponent1.png Graphic file (type png)
<use ./DetectorComponent1.png>
Package pdftex.def Info: ./DetectorComponent1.png  used on input line 1207.
(pdftex.def)             Requested size: 227.62204pt x 99.82758pt.
<./DetectorComponent2.png, id=1114, 1201.48875pt x 527.9725pt>
File: ./DetectorComponent2.png Graphic file (type png)
<use ./DetectorComponent2.png>
Package pdftex.def Info: ./DetectorComponent2.png  used on input line 1209.
(pdftex.def)             Requested size: 227.62204pt x 100.01773pt.

Overfull \hbox (7.83322pt too wide) in paragraph at lines 1207--1210
 [][][] 
 []

<./DetectorComponent3.png, id=1115, 1202.4925pt x 526.96875pt>
File: ./DetectorComponent3.png Graphic file (type png)
<use ./DetectorComponent3.png>
Package pdftex.def Info: ./DetectorComponent3.png  used on input line 1212.
(pdftex.def)             Requested size: 227.62204pt x 99.74718pt.
<./DetectorComponent4.png, id=1116, 1202.4925pt x 526.96875pt>
File: ./DetectorComponent4.png Graphic file (type png)
<use ./DetectorComponent4.png>
Package pdftex.def Info: ./DetectorComponent4.png  used on input line 1214.
(pdftex.def)             Requested size: 227.62204pt x 99.74718pt.

Overfull \hbox (7.83322pt too wide) in paragraph at lines 1212--1215
 [][][][] 
 []

<./DetectorComponent5.png, id=1117, 1201.48875pt x 525.965pt>
File: ./DetectorComponent5.png Graphic file (type png)
<use ./DetectorComponent5.png>
Package pdftex.def Info: ./DetectorComponent5.png  used on input line 1217.
(pdftex.def)             Requested size: 227.62204pt x 99.63744pt.
<./DetectorComponent6.png, id=1118, 1201.48875pt x 528.97626pt>
File: ./DetectorComponent6.png Graphic file (type png)
<use ./DetectorComponent6.png>
Package pdftex.def Info: ./DetectorComponent6.png  used on input line 1219.
(pdftex.def)             Requested size: 227.62204pt x 100.20789pt.

Overfull \hbox (7.83322pt too wide) in paragraph at lines 1217--1220
 [][][][] 
 []


Underfull \hbox (badness 10000) in paragraph at lines 1227--1228

 []

[51 <./DetectorComponent1.png> <./DetectorComponent2.png> <./DetectorComponent3
.png> <./DetectorComponent4.png> <./DetectorComponent5.png> <./DetectorComponen
t6.png>]
Underfull \hbox (badness 10000) in paragraph at lines 1229--1230

 []


Underfull \hbox (badness 10000) in paragraph at lines 1237--1238

 []

<./DetectionComponentPythonConditional.png, id=1137, 1202.4925pt x 529.98pt>
File: ./DetectionComponentPythonConditional.png Graphic file (type png)
<use ./DetectionComponentPythonConditional.png>
Package pdftex.def Info: ./DetectionComponentPythonConditional.png  used on inp
ut line 1243.
(pdftex.def)             Requested size: 455.24408pt x 200.64241pt.

Underfull \vbox (badness 6110) has occurred while \output is active []

 [52 <./DetectionComponentPythonConditional.png>]
Underfull \hbox (badness 10000) in paragraph at lines 1258--1258
[][][][]$\OT1/cmtt/m/n/10 https : / / github . com / RoboticsURJC -[] students 
/ 2016 -[] tfg -[] David -[] Butragueno / blob / master /
 []


Underfull \hbox (badness 10000) in paragraph at lines 1258--1259

 []


Underfull \hbox (badness 10000) in paragraph at lines 1268--1269

 []

[53]
Underfull \hbox (badness 10000) in paragraph at lines 1276--1277

 []


Underfull \hbox (badness 10000) in paragraph at lines 1298--1299

 []


Underfull \hbox (badness 10000) in paragraph at lines 1300--1301

 []


Underfull \hbox (badness 10000) in paragraph at lines 1306--1307

 []

[54]
Underfull \hbox (badness 10000) in paragraph at lines 1312--1313

 []


Underfull \hbox (badness 10000) in paragraph at lines 1323--1324

 []

<./DetectionCompareVOC.png, id=1196, 376.40625pt x 180.675pt>
File: ./DetectionCompareVOC.png Graphic file (type png)
<use ./DetectionCompareVOC.png>
Package pdftex.def Info: ./DetectionCompareVOC.png  used on input line 1346.
(pdftex.def)             Requested size: 221.93158pt x 106.53114pt.
<./DetectionCompareCOCO.png, id=1197, 376.40625pt x 180.675pt>
File: ./DetectionCompareCOCO.png Graphic file (type png)
<use ./DetectionCompareCOCO.png>
Package pdftex.def Info: ./DetectionCompareCOCO.png  used on input line 1348.
(pdftex.def)             Requested size: 221.93158pt x 106.53114pt.
[55]
Underfull \hbox (badness 10000) in paragraph at lines 1362--1363

 []

[56 <./DetectionCompareVOC.png (PNG copy)> <./DetectionCompareCOCO.png (PNG cop
y)>]
Underfull \hbox (badness 10000) in paragraph at lines 1364--1365

 []


Underfull \hbox (badness 10000) in paragraph at lines 1370--1371

 []


Underfull \hbox (badness 10000) in paragraph at lines 1381--1382

 []

[57]
Underfull \hbox (badness 10000) in paragraph at lines 1412--1413

 []


Underfull \hbox (badness 10000) in paragraph at lines 1414--1415

 []

[58]
Underfull \hbox (badness 10000) in paragraph at lines 1430--1431

 []


Underfull \hbox (badness 10000) in paragraph at lines 1432--1433

 []


Underfull \hbox (badness 10000) in paragraph at lines 1443--1444

 []


Underfull \hbox (badness 10000) in paragraph at lines 1448--1449

 []

[59]
Underfull \hbox (badness 10000) in paragraph at lines 1460--1461

 []


Underfull \hbox (badness 10000) in paragraph at lines 1483--1484

 []

[60]
Underfull \hbox (badness 10000) in paragraph at lines 1507--1508

 []

[61] [62]
Underfull \hbox (badness 10000) in paragraph at lines 1560--1561

 []


Underfull \hbox (badness 10000) in paragraph at lines 1591--1592

 []

[63]
Underfull \hbox (badness 10000) in paragraph at lines 1604--1604
[][][][]$\OT1/cmtt/m/n/10 https : / / github . com / RoboticsURJC -[] students 
/ 2016 -[] tfg -[] David -[] Butragueno / blob / master /
 []


Underfull \hbox (badness 10000) in paragraph at lines 1604--1605

 []

[64]
Underfull \hbox (badness 10000) in paragraph at lines 1606--1607

 []


Underfull \hbox (badness 10000) in paragraph at lines 1608--1609

 []


Underfull \hbox (badness 10000) in paragraph at lines 1610--1611

 []

<./TrainNet.png, id=1455, 573.14125pt x 341.275pt>
File: ./TrainNet.png Graphic file (type png)
<use ./TrainNet.png>
Package pdftex.def Info: ./TrainNet.png  used on input line 1614.
(pdftex.def)             Requested size: 369.88582pt x 220.24826pt.

Underfull \vbox (badness 10000) has occurred while \output is active []

 [65]
[66 <./TrainNet.png>]
Cap\'{\i }tulo 5.
[67

]
Underfull \hbox (badness 10000) in paragraph at lines 1657--1658

 []

<./Intersection&Union.png, id=1475, 360.34625pt x 138.5175pt>
File: ./Intersection&Union.png Graphic file (type png)
<use ./Intersection&Union.png>
Package pdftex.def Info: ./Intersection&Union.png  used on input line 1665.
(pdftex.def)             Requested size: 312.9803pt x 120.30844pt.
[68]
<./loU.png, id=1488, 602.25pt x 469.755pt>
File: ./loU.png Graphic file (type png)
<use ./loU.png>
Package pdftex.def Info: ./loU.png  used on input line 1681.
(pdftex.def)             Requested size: 227.62204pt x 177.54826pt.
 [69 <./Intersection&Union.png> <./loU.png>]
<./loU_score.png, id=1498, 602.25pt x 248.93pt>
File: ./loU_score.png Graphic file (type png)
<use ./loU_score.png>
Package pdftex.def Info: ./loU_score.png  used on input line 1697.
(pdftex.def)             Requested size: 312.9803pt x 129.36836pt.

Underfull \hbox (badness 10000) in paragraph at lines 1708--1709

 []

[70 <./loU_score.png>]
Underfull \hbox (badness 10000) in paragraph at lines 1710--1711

 []


Underfull \hbox (badness 10000) in paragraph at lines 1721--1722

 []


Underfull \hbox (badness 10000) in paragraph at lines 1723--1724

 []


Underfull \hbox (badness 10000) in paragraph at lines 1730--1731

 []


Underfull \hbox (badness 10000) in paragraph at lines 1732--1733

 []

[71]
Underfull \hbox (badness 10000) in paragraph at lines 1738--1739

 []


Underfull \hbox (badness 10000) in paragraph at lines 1757--1758

 []


Underfull \hbox (badness 10000) in paragraph at lines 1763--1764

 []

[72]
Underfull \hbox (badness 10000) in paragraph at lines 1770--1771

 []


Underfull \hbox (badness 10000) in paragraph at lines 1779--1780

 []


Underfull \hbox (badness 10000) in paragraph at lines 1781--1782

 []


Underfull \hbox (badness 10000) in paragraph at lines 1787--1788

 []


Underfull \hbox (badness 10000) in paragraph at lines 1796--1797

 []

[73]
<./image_detection_compare.png, id=1572, 376.40625pt x 282.30469pt>
File: ./image_detection_compare.png Graphic file (type png)
<use ./image_detection_compare.png>
Package pdftex.def Info: ./image_detection_compare.png  used on input line 1811
.
(pdftex.def)             Requested size: 312.9803pt x 234.7522pt.

Underfull \hbox (badness 10000) in paragraph at lines 1819--1820

 []

[74 <./image_detection_compare.png (PNG copy)>]
Underfull \hbox (badness 10000) in paragraph at lines 1821--1822

 []


Underfull \hbox (badness 10000) in paragraph at lines 1833--1834

 []


Underfull \hbox (badness 10000) in paragraph at lines 1835--1836

 []


Underfull \hbox (badness 10000) in paragraph at lines 1841--1842

 []


Underfull \hbox (badness 10000) in paragraph at lines 1848--1849

 []

[75]
Underfull \hbox (badness 10000) in paragraph at lines 1860--1861

 []


Overfull \hbox (11.05289pt too wide) in paragraph at lines 1866--1867
[]\OT1/cmr/m/n/12 Posteriormente, la fun-ci^^Son re-co-rre la va-ria-ble \OT1/c
mr/m/it/12 json-Fi-le-Ca-te-go-ries \OT1/cmr/m/n/12 re-cu-pe-ran-do los par^^Sa
me-
 []


Underfull \hbox (badness 10000) in paragraph at lines 1866--1867

 []


Underfull \hbox (badness 10000) in paragraph at lines 1875--1876

 []

[76]
Underfull \hbox (badness 10000) in paragraph at lines 1890--1891

 []


Underfull \hbox (badness 10000) in paragraph at lines 1892--1893

 []


Underfull \hbox (badness 10000) in paragraph at lines 1901--1902

 []


Underfull \hbox (badness 10000) in paragraph at lines 1908--1909

 []

[77]
Underfull \hbox (badness 10000) in paragraph at lines 1917--1918

 []


Underfull \hbox (badness 10000) in paragraph at lines 1919--1920

 []


Underfull \hbox (badness 10000) in paragraph at lines 1928--1929

 []


Underfull \hbox (badness 10000) in paragraph at lines 1930--1931

 []


Underfull \hbox (badness 10000) in paragraph at lines 1941--1942

 []

[78]
<./imageDetectionCompareCOCO.png, id=1673, 481.8pt x 368.1253pt>
File: ./imageDetectionCompareCOCO.png Graphic file (type png)
<use ./imageDetectionCompareCOCO.png>
Package pdftex.def Info: ./imageDetectionCompareCOCO.png  used on input line 19
57.
(pdftex.def)             Requested size: 312.9803pt x 239.1438pt.

Underfull \hbox (badness 10000) in paragraph at lines 2120--2121

 []


Underfull \hbox (badness 10000) in paragraph at lines 2122--2123

 []

[79 <./imageDetectionCompareCOCO.png (PNG copy)>]
Underfull \hbox (badness 10000) in paragraph at lines 2124--2125

 []

<./TestImages.png, id=1696, 1162.3425pt x 482.80376pt>
File: ./TestImages.png Graphic file (type png)
<use ./TestImages.png>
Package pdftex.def Info: ./TestImages.png  used on input line 2130.
(pdftex.def)             Requested size: 455.24408pt x 189.0957pt.

Underfull \hbox (badness 10000) in paragraph at lines 2165--2166

 []

[80 <./TestImages.png>]
<./Detector.png, id=1707, 1227.58624pt x 792.9625pt>
File: ./Detector.png Graphic file (type png)
<use ./Detector.png>
Package pdftex.def Info: ./Detector.png  used on input line 2169.
(pdftex.def)             Requested size: 426.79134pt x 275.68979pt.

Underfull \hbox (badness 10000) in paragraph at lines 2175--2176

 []

[81 <./Detector.png>]
Underfull \hbox (badness 10000) in paragraph at lines 2177--2178

 []

<./DetectionExecution.png, id=1720, 1686.3pt x 1053.9375pt>
File: ./DetectionExecution.png Graphic file (type png)
<use ./DetectionExecution.png>
Package pdftex.def Info: ./DetectionExecution.png  used on input line 2181.
(pdftex.def)             Requested size: 426.79134pt x 266.73224pt.

Underfull \hbox (badness 10000) in paragraph at lines 2187--2188

 []


Underfull \hbox (badness 10000) in paragraph at lines 2189--2190

 []

[82 <./DetectionExecution.png>]
Underfull \hbox (badness 10000) in paragraph at lines 2191--2192

 []

<./Evaluator.png, id=1744, 1226.5825pt x 791.95876pt>
File: ./Evaluator.png Graphic file (type png)
<use ./Evaluator.png>
Package pdftex.def Info: ./Evaluator.png  used on input line 2195.
(pdftex.def)             Requested size: 426.79134pt x 275.55833pt.

Overfull \hbox (2.62196pt too wide) in paragraph at lines 2201--2202
[]\OT1/cmr/m/n/12 Para uti-li-zar es-ta he-rra-mien-ta es ne-ce-sa-rio de-fi-ni
r va-rios par^^Same-tros co-mo \OT1/cmr/m/it/12 In-put Ground
 []


Underfull \hbox (badness 10000) in paragraph at lines 2201--2202

 []

[83 <./Evaluator.png>]
Underfull \hbox (badness 10000) in paragraph at lines 2205--2206

 []


Underfull \hbox (badness 10000) in paragraph at lines 2218--2219

 []


Underfull \hbox (badness 10000) in paragraph at lines 2222--2223

 []


Underfull \vbox (badness 1102) has occurred while \output is active []

 [84]
Underfull \hbox (badness 10000) in paragraph at lines 2238--2239

 []


Underfull \hbox (badness 10000) in paragraph at lines 2256--2257

 []

[85]
Underfull \hbox (badness 10000) in paragraph at lines 2272--2273

 []


Underfull \hbox (badness 10000) in paragraph at lines 2274--2275

 []

[86] [87] [88

]
Cap\'{\i }tulo 6.

Underfull \hbox (badness 10000) in paragraph at lines 2319--2323

 []


Underfull \hbox (badness 10000) in paragraph at lines 2319--2323

 []

[89]
Underfull \hbox (badness 10000) in paragraph at lines 2327--2331

 []

[90] [91] [92] [93

]
Underfull \hbox (badness 5475) in paragraph at lines 2468--2471
[]\OT1/cmr/m/n/12 Caffe, Deep Lear-ning Fra-me-work.  La-yer Ca-ta-lo-gue.  []$
\OT1/cmtt/m/n/12 https : / / caffe .
 []

[94]
Package atveryend Info: Empty hook `BeforeClearDocument' on input line 2528.
 [95]
Package atveryend Info: Empty hook `AfterLastShipout' on input line 2528.
 (./Memoria.aux
LaTeX Info: Redefining \. on input line 31.
LaTeX Info: Redefining \% on input line 31.
)
Package atveryend Info: Executing hook `AtVeryEndDocument' on input line 2528.
Package atveryend Info: Executing hook `AtEndAfterFileList' on input line 2528.

Package rerunfilecheck Info: File `Memoria.out' has not changed.
(rerunfilecheck)             Checksum: 21D58056AF02B7364CA3E67B68594541;4180.


LaTeX Font Warning: Size substitutions with differences
(Font)              up to 1.1pt have occurred.


LaTeX Warning: There were multiply-defined labels.

Package atveryend Info: Empty hook `AtVeryVeryEnd' on input line 2528.
 ) 
Here is how much of TeX's memory you used:
 18807 strings out of 492616
 304419 string characters out of 6129481
 476771 words of memory out of 5000000
 21728 multiletter control sequences out of 15000+600000
 25981 words of font info for 50 fonts, out of 8000000 for 9000
 1141 hyphenation exceptions out of 8191
 45i,12n,87p,1987b,2013s stack positions out of 5000i,500n,10000p,200000b,80000s
{/usr/local/texlive/2019/texmf-dist/fonts/enc/dvips/lm/lm-rm.enc}</usr/local/
texlive/2019/texmf-dist/fonts/type1/public/amsfonts/cm/cmbx12.pfb></usr/local/t
exlive/2019/texmf-dist/fonts/type1/public/amsfonts/cm/cmbxti10.pfb></usr/local/
texlive/2019/texmf-dist/fonts/type1/public/amsfonts/cm/cmex10.pfb></usr/local/t
exlive/2019/texmf-dist/fonts/type1/public/amsfonts/cm/cmmi12.pfb></usr/local/te
xlive/2019/texmf-dist/fonts/type1/public/amsfonts/cm/cmmi6.pfb></usr/local/texl
ive/2019/texmf-dist/fonts/type1/public/amsfonts/cm/cmmi8.pfb></usr/local/texliv
e/2019/texmf-dist/fonts/type1/public/amsfonts/cm/cmr10.pfb></usr/local/texlive/
2019/texmf-dist/fonts/type1/public/amsfonts/cm/cmr12.pfb></usr/local/texlive/20
19/texmf-dist/fonts/type1/public/amsfonts/cm/cmr7.pfb></usr/local/texlive/2019/
texmf-dist/fonts/type1/public/amsfonts/cm/cmr8.pfb></usr/local/texlive/2019/tex
mf-dist/fonts/type1/public/amsfonts/cm/cmsy10.pfb></usr/local/texlive/2019/texm
f-dist/fonts/type1/public/amsfonts/cm/cmsy8.pfb></usr/local/texlive/2019/texmf-
dist/fonts/type1/public/amsfonts/cm/cmti12.pfb></usr/local/texlive/2019/texmf-d
ist/fonts/type1/public/amsfonts/cm/cmti8.pfb></usr/local/texlive/2019/texmf-dis
t/fonts/type1/public/amsfonts/cm/cmtt10.pfb></usr/local/texlive/2019/texmf-dist
/fonts/type1/public/amsfonts/cm/cmtt12.pfb></usr/local/texlive/2019/texmf-dist/
fonts/type1/public/lm/lmss12.pfb></usr/local/texlive/2019/texmf-dist/fonts/type
1/public/lm/lmss17.pfb></usr/local/texlive/2019/texmf-dist/fonts/type1/public/l
m/lmssbx10.pfb>
Output written on Memoria.pdf (113 pages, 27251844 bytes).
PDF statistics:
 2134 PDF objects out of 2487 (max. 8388607)
 1848 compressed objects within 19 object streams
 668 named destinations out of 1000 (max. 500000)
 686 words of extra memory for PDF output out of 10000 (max. 10000000)

