This is pdfTeX, Version 3.14159265-2.6-1.40.17 (TeX Live 2016) (preloaded format=pdflatex 2017.4.11)  28 MAR 2018 12:08
entering extended mode
 restricted \write18 enabled.
 file:line:error style messages enabled.
 %&-line parsing enabled.
**MemoriaAntigua.tex
(./MemoriaAntigua.tex
LaTeX2e <2016/03/31>
Babel <3.9r> and hyphenation patterns for 83 language(s) loaded.
(/usr/local/texlive/2016/texmf-dist/tex/latex/base/book.cls
Document Class: book 2014/09/29 v1.4h Standard LaTeX document class
(/usr/local/texlive/2016/texmf-dist/tex/latex/base/bk12.clo
File: bk12.clo 2014/09/29 v1.4h Standard LaTeX file (size option)
)
\c@part=\count79
\c@chapter=\count80
\c@section=\count81
\c@subsection=\count82
\c@subsubsection=\count83
\c@paragraph=\count84
\c@subparagraph=\count85
\c@figure=\count86
\c@table=\count87
\abovecaptionskip=\skip41
\belowcaptionskip=\skip42
\bibindent=\dimen102
)
(/usr/local/texlive/2016/texmf-dist/tex/latex/base/inputenc.sty
Package: inputenc 2015/03/17 v1.2c Input encoding file
\inpenc@prehook=\toks14
\inpenc@posthook=\toks15

(/usr/local/texlive/2016/texmf-dist/tex/latex/base/latin1.def
File: latin1.def 2015/03/17 v1.2c Input encoding file
))
(/usr/local/texlive/2016/texmf-dist/tex/latex/tocloft/tocloft.sty
Package: tocloft 2013/05/02 v2.3f parameterised ToC, etc., typesetting
Package tocloft Info: The document has chapter divisions on input line 44.
\cftparskip=\skip43
\cftbeforetoctitleskip=\skip44
\cftaftertoctitleskip=\skip45
\cftbeforepartskip=\skip46
\cftpartnumwidth=\skip47
\cftpartindent=\skip48
\cftbeforechapskip=\skip49
\cftchapindent=\skip50
\cftchapnumwidth=\skip51
\cftbeforesecskip=\skip52
\cftsecindent=\skip53
\cftsecnumwidth=\skip54
\cftbeforesubsecskip=\skip55
\cftsubsecindent=\skip56
\cftsubsecnumwidth=\skip57
\cftbeforesubsubsecskip=\skip58
\cftsubsubsecindent=\skip59
\cftsubsubsecnumwidth=\skip60
\cftbeforeparaskip=\skip61
\cftparaindent=\skip62
\cftparanumwidth=\skip63
\cftbeforesubparaskip=\skip64
\cftsubparaindent=\skip65
\cftsubparanumwidth=\skip66
\cftbeforeloftitleskip=\skip67
\cftafterloftitleskip=\skip68
\cftbeforefigskip=\skip69
\cftfigindent=\skip70
\cftfignumwidth=\skip71
\c@lofdepth=\count88
\c@lotdepth=\count89
\cftbeforelottitleskip=\skip72
\cftafterlottitleskip=\skip73
\cftbeforetabskip=\skip74
\cfttabindent=\skip75
\cfttabnumwidth=\skip76
)
(/usr/local/texlive/2016/texmf-dist/tex/latex/fancyhdr/fancyhdr.sty
\fancy@headwidth=\skip77
\f@ncyO@elh=\skip78
\f@ncyO@erh=\skip79
\f@ncyO@olh=\skip80
\f@ncyO@orh=\skip81
\f@ncyO@elf=\skip82
\f@ncyO@erf=\skip83
\f@ncyO@olf=\skip84
\f@ncyO@orf=\skip85
)
(/usr/local/texlive/2016/texmf-dist/tex/generic/babel/babel.sty
Package: babel 2016/04/23 3.9r The Babel package

(/usr/local/texlive/2016/texmf-dist/tex/generic/babel-spanish/spanish.ldf
Language: spanish.ldf 2016/03/03 v5.0p Spanish support from the babel system

(/usr/local/texlive/2016/texmf-dist/tex/generic/babel/babel.def
File: babel.def 2016/04/23 3.9r Babel common definitions
\babel@savecnt=\count90
\U@D=\dimen103
)
\es@quottoks=\toks16
\es@quotdepth=\count91
Package babel Info: Making " an active character on input line 561.
Package babel Info: Making . an active character on input line 662.
Package babel Info: Making < an active character on input line 707.
Package babel Info: Making > an active character on input line 707.
))
(/usr/local/texlive/2016/texmf-dist/tex/latex/graphics/graphicx.sty
Package: graphicx 2014/10/28 v1.0g Enhanced LaTeX Graphics (DPC,SPQR)

(/usr/local/texlive/2016/texmf-dist/tex/latex/graphics/keyval.sty
Package: keyval 2014/10/28 v1.15 key=value parser (DPC)
\KV@toks@=\toks17
)
(/usr/local/texlive/2016/texmf-dist/tex/latex/graphics/graphics.sty
Package: graphics 2016/05/09 v1.0r Standard LaTeX Graphics (DPC,SPQR)

(/usr/local/texlive/2016/texmf-dist/tex/latex/graphics/trig.sty
Package: trig 2016/01/03 v1.10 sin cos tan (DPC)
)
(/usr/local/texlive/2016/texmf-dist/tex/latex/graphics-cfg/graphics.cfg
File: graphics.cfg 2016/01/02 v1.10 sample graphics configuration
)
Package graphics Info: Driver file: pdftex.def on input line 96.

(/usr/local/texlive/2016/texmf-dist/tex/latex/pdftex-def/pdftex.def
File: pdftex.def 2011/05/27 v0.06d Graphics/color for pdfTeX

(/usr/local/texlive/2016/texmf-dist/tex/generic/oberdiek/infwarerr.sty
Package: infwarerr 2016/05/16 v1.4 Providing info/warning/error messages (HO)
)
(/usr/local/texlive/2016/texmf-dist/tex/generic/oberdiek/ltxcmds.sty
Package: ltxcmds 2016/05/16 v1.23 LaTeX kernel commands for general use (HO)
)
\Gread@gobject=\count92
))
\Gin@req@height=\dimen104
\Gin@req@width=\dimen105
)
(/usr/local/texlive/2016/texmf-dist/tex/latex/float/float.sty
Package: float 2001/11/08 v1.3d Float enhancements (AL)
\c@float@type=\count93
\float@exts=\toks18
\float@box=\box26
\@float@everytoks=\toks19
\@floatcapt=\box27
)
(./MemoriaAntigua.aux
LaTeX Info: Redefining \. on input line 6.
LaTeX Info: Redefining \% on input line 6.


LaTeX Warning: Label `Camera' multiply defined.


LaTeX Warning: Label `Camera' multiply defined.

)
\openout1 = `MemoriaAntigua.aux'.

LaTeX Font Info:    Checking defaults for OML/cmm/m/it on input line 14.
LaTeX Font Info:    ... okay on input line 14.
LaTeX Font Info:    Checking defaults for T1/cmr/m/n on input line 14.
LaTeX Font Info:    ... okay on input line 14.
LaTeX Font Info:    Checking defaults for OT1/cmr/m/n on input line 14.
LaTeX Font Info:    ... okay on input line 14.
LaTeX Font Info:    Checking defaults for OMS/cmsy/m/n on input line 14.
LaTeX Font Info:    ... okay on input line 14.
LaTeX Font Info:    Checking defaults for OMX/cmex/m/n on input line 14.
LaTeX Font Info:    ... okay on input line 14.
LaTeX Font Info:    Checking defaults for U/cmr/m/n on input line 14.
LaTeX Font Info:    ... okay on input line 14.
LaTeX Info: Redefining \. on input line 14.
LaTeX Info: Redefining \% on input line 14.
 (/usr/local/texlive/2016/texmf-dist/tex/context/base/mkii/supp-pdf.mkii
[Loading MPS to PDF converter (version 2006.09.02).]
\scratchcounter=\count94
\scratchdimen=\dimen106
\scratchbox=\box28
\nofMPsegments=\count95
\nofMParguments=\count96
\everyMPshowfont=\toks20
\MPscratchCnt=\count97
\MPscratchDim=\dimen107
\MPnumerator=\count98
\makeMPintoPDFobject=\count99
\everyMPtoPDFconversion=\toks21
) (/usr/local/texlive/2016/texmf-dist/tex/generic/oberdiek/pdftexcmds.sty
Package: pdftexcmds 2016/05/10 v0.21 Utility functions of pdfTeX for LuaTeX (HO
)

(/usr/local/texlive/2016/texmf-dist/tex/generic/oberdiek/ifluatex.sty
Package: ifluatex 2016/05/16 v1.4 Provides the ifluatex switch (HO)
Package ifluatex Info: LuaTeX not detected.
)
(/usr/local/texlive/2016/texmf-dist/tex/generic/oberdiek/ifpdf.sty
Package: ifpdf 2016/05/14 v3.1 Provides the ifpdf switch
)
Package pdftexcmds Info: LuaTeX not detected.
Package pdftexcmds Info: \pdf@primitive is available.
Package pdftexcmds Info: \pdf@ifprimitive is available.
Package pdftexcmds Info: \pdfdraftmode found.
)
(/usr/local/texlive/2016/texmf-dist/tex/latex/oberdiek/epstopdf-base.sty
Package: epstopdf-base 2016/05/15 v2.6 Base part for package epstopdf

(/usr/local/texlive/2016/texmf-dist/tex/latex/oberdiek/grfext.sty
Package: grfext 2016/05/16 v1.2 Manage graphics extensions (HO)

(/usr/local/texlive/2016/texmf-dist/tex/generic/oberdiek/kvdefinekeys.sty
Package: kvdefinekeys 2016/05/16 v1.4 Define keys (HO)
))
(/usr/local/texlive/2016/texmf-dist/tex/latex/oberdiek/kvoptions.sty
Package: kvoptions 2016/05/16 v3.12 Key value format for package options (HO)

(/usr/local/texlive/2016/texmf-dist/tex/generic/oberdiek/kvsetkeys.sty
Package: kvsetkeys 2016/05/16 v1.17 Key value parser (HO)

(/usr/local/texlive/2016/texmf-dist/tex/generic/oberdiek/etexcmds.sty
Package: etexcmds 2016/05/16 v1.6 Avoid name clashes with e-TeX commands (HO)
Package etexcmds Info: Could not find \expanded.
(etexcmds)             That can mean that you are not using pdfTeX 1.50 or
(etexcmds)             that some package has redefined \expanded.
(etexcmds)             In the latter case, load this package earlier.
)))
Package grfext Info: Graphics extension search list:
(grfext)             [.png,.pdf,.jpg,.mps,.jpeg,.jbig2,.jb2,.PNG,.PDF,.JPG,.JPE
G,.JBIG2,.JB2,.eps]
(grfext)             \AppendGraphicsExtensions on input line 456.

(/usr/local/texlive/2016/texmf-dist/tex/latex/latexconfig/epstopdf-sys.cfg
File: epstopdf-sys.cfg 2010/07/13 v1.3 Configuration of (r)epstopdf for TeX Liv
e
))
<./logoURJC.png, id=1, 316.18124pt x 158.5925pt>
File: ./logoURJC.png Graphic file (type png)
 <use ./logoURJC.png>
Package pdftex.def Info: ./logoURJC.png used on input line 22.
(pdftex.def)             Requested size: 227.62204pt x 114.1744pt.
 [1


{/usr/local/texlive/2016/texmf-var/fonts/map/pdftex/updmap/pdftex.map} <./logoU
RJC.png>]
LaTeX Font Info:    External font `cmex10' loaded for size
(Font)              <12> on input line 66.
LaTeX Font Info:    External font `cmex10' loaded for size
(Font)              <8> on input line 66.
LaTeX Font Info:    External font `cmex10' loaded for size
(Font)              <6> on input line 66.
 [1] [2

] [3

] (./MemoriaAntigua.toc
LaTeX Info: Redefining \. on input line 1.
LaTeX Info: Redefining \% on input line 1.
 [4])
\tf@toc=\write3
\openout3 = `MemoriaAntigua.toc'.

 [5] (./MemoriaAntigua.lof
LaTeX Info: Redefining \. on input line 1.
LaTeX Info: Redefining \% on input line 1.
)
\tf@lof=\write4
\openout4 = `MemoriaAntigua.lof'.

 [6

]
Cap\'{\i }tulo 1.
[1


]
Cap\'{\i }tulo 2.
[2

]
Underfull \hbox (badness 10000) in paragraph at lines 132--136

 []


Underfull \hbox (badness 10000) in paragraph at lines 132--136

 []

LaTeX Info: Redefining \. on input line 140.
LaTeX Info: Redefining \% on input line 140.

Package Fancyhdr Warning: \headheight is too small (12.0pt): 
 Make it at least 14.49998pt.
 We now make it that large for the rest of the document.
 This may cause the page layout to be inconsistent, however.

[3]
Underfull \hbox (badness 10000) in paragraph at lines 150--152

 []


Underfull \hbox (badness 10000) in paragraph at lines 150--152

 []

LaTeX Info: Redefining \. on input line 166.
LaTeX Info: Redefining \% on input line 166.
[4]
Underfull \hbox (badness 10000) in paragraph at lines 180--182

 []


Underfull \hbox (badness 10000) in paragraph at lines 180--182

 []


Underfull \hbox (badness 10000) in paragraph at lines 204--206

 []


Underfull \hbox (badness 10000) in paragraph at lines 204--206

 []

LaTeX Info: Redefining \. on input line 206.
LaTeX Info: Redefining \% on input line 206.
[5]
Underfull \hbox (badness 10000) in paragraph at lines 208--209

 []

<./ReLu.png, id=48, 496.85625pt x 399.4925pt>
File: ./ReLu.png Graphic file (type png)
 <use ./ReLu.png>
Package pdftex.def Info: ./ReLu.png used on input line 212.
(pdftex.def)             Requested size: 199.16928pt x 160.14162pt.

Underfull \hbox (badness 10000) in paragraph at lines 217--218

 []

<./Sigmoid.png, id=49, 300.12125pt x 193.72375pt>
File: ./Sigmoid.png Graphic file (type png)
 <use ./Sigmoid.png>
Package pdftex.def Info: ./Sigmoid.png used on input line 236.
(pdftex.def)             Requested size: 256.0748pt x 165.30444pt.
LaTeX Info: Redefining \. on input line 240.
LaTeX Info: Redefining \% on input line 240.
 [6 <./ReLu.png>]
Underfull \hbox (badness 10000) in paragraph at lines 241--242

 []


Underfull \hbox (badness 10000) in paragraph at lines 267--269

 []

LaTeX Info: Redefining \. on input line 270.
LaTeX Info: Redefining \% on input line 270.
[7 <./Sigmoid.png>]
Underfull \hbox (badness 10000) in paragraph at lines 278--279

 []


Underfull \hbox (badness 10000) in paragraph at lines 280--282

 []

LaTeX Info: Redefining \. on input line 288.
LaTeX Info: Redefining \% on input line 288.
[8]
Underfull \hbox (badness 10000) in paragraph at lines 291--293

 []


Underfull \hbox (badness 10000) in paragraph at lines 294--296

 []


Underfull \hbox (badness 10000) in paragraph at lines 302--303

 []


Underfull \hbox (badness 10000) in paragraph at lines 304--305

 []


Underfull \hbox (badness 4927) in paragraph at lines 330--330
\OT1/cmr/m/n/12 CameraSrv.TopicManager=IceStorm/TopicManager:default -t 5000 -p

 []


Underfull \hbox (badness 10000) in paragraph at lines 330--330

 []


Underfull \hbox (badness 10000) in paragraph at lines 330--330

 []


Underfull \hbox (badness 10000) in paragraph at lines 330--330

 []


Underfull \hbox (badness 10000) in paragraph at lines 330--330

 []


Underfull \hbox (badness 10000) in paragraph at lines 330--330

 []


Overfull \hbox (20.53976pt too wide) in paragraph at lines 330--332
[][] 
 []


Underfull \hbox (badness 10000) in paragraph at lines 330--332

 []

LaTeX Info: Redefining \. on input line 332.
LaTeX Info: Redefining \% on input line 332.
[9]
Overfull \hbox (35.56781pt too wide) in paragraph at lines 333--334
\OT1/cmr/m/n/12 9999, el n^^Sume-ro de fra-mes por se-gun-do, tex-tit-Ca-me-raS
rv.Camera.0.FramerateN=25,
 []


Overfull \hbox (65.75638pt too wide) in paragraph at lines 333--334
\OT1/cmr/m/n/12 cho y lar-go de la ima-gen que se re-pre-sen-tar^^Sa, tex-tit-C
a-me-raSrv.Camera.0.ImageWidth=640
 []


Underfull \hbox (badness 10000) in paragraph at lines 333--334

 []


Underfull \hbox (badness 10000) in paragraph at lines 335--336

 []


Overfull \hbox (20.53976pt too wide) in paragraph at lines 341--343
[][] 
 []


Underfull \hbox (badness 10000) in paragraph at lines 341--343

 []


Underfull \hbox (badness 10000) in paragraph at lines 344--345

 []

LaTeX Info: Redefining \. on input line 350.
LaTeX Info: Redefining \% on input line 350.
[10]
Overfull \hbox (20.53976pt too wide) in paragraph at lines 350--352
[][] 
 []


Underfull \hbox (badness 10000) in paragraph at lines 350--352

 []


Underfull \hbox (badness 10000) in paragraph at lines 353--354

 []


Underfull \hbox (badness 10000) in paragraph at lines 358--358

 []


Overfull \hbox (20.53976pt too wide) in paragraph at lines 358--360
[][] 
 []


Underfull \hbox (badness 10000) in paragraph at lines 358--360

 []


Underfull \hbox (badness 10000) in paragraph at lines 361--362

 []


Underfull \hbox (badness 10000) in paragraph at lines 366--366

 []


Overfull \hbox (20.53976pt too wide) in paragraph at lines 366--368
[][] 
 []


Underfull \hbox (badness 10000) in paragraph at lines 366--368

 []

<./VOC2012_Statics.png, id=74, 473.51906pt x 441.90094pt>
File: ./VOC2012_Statics.png Graphic file (type png)

<use ./VOC2012_Statics.png>
Package pdftex.def Info: ./VOC2012_Statics.png used on input line 380.
(pdftex.def)             Requested size: 312.9803pt x 292.08705pt.
LaTeX Info: Redefining \. on input line 384.
LaTeX Info: Redefining \% on input line 384.
 [11]
Underfull \hbox (badness 10000) in paragraph at lines 387--389

 []

<./Coco_Annotation_1.png, id=78, 533.74406pt x 417.05812pt>
File: ./Coco_Annotation_1.png Graphic file (type png)

<use ./Coco_Annotation_1.png>
Package pdftex.def Info: ./Coco_Annotation_1.png used on input line 399.
(pdftex.def)             Requested size: 312.9803pt x 244.56667pt.
LaTeX Info: Redefining \. on input line 403.
LaTeX Info: Redefining \% on input line 403.
 [12 <./VOC2012_Statics.png>]
<./Coco_Annotation_2.png, id=84, 534.49687pt x 207.77625pt>
File: ./Coco_Annotation_2.png Graphic file (type png)

<use ./Coco_Annotation_2.png>
Package pdftex.def Info: ./Coco_Annotation_2.png used on input line 408.
(pdftex.def)             Requested size: 312.9803pt x 121.67067pt.
LaTeX Info: Redefining \. on input line 412.
LaTeX Info: Redefining \% on input line 412.
 [13 <./Coco_Annotation_1.png>]
Underfull \hbox (badness 10000) in paragraph at lines 413--414

 []

<./COCO_Statics.png, id=89, 615.80063pt x 322.20375pt>
File: ./COCO_Statics.png Graphic file (type png)

<use ./COCO_Statics.png>
Package pdftex.def Info: ./COCO_Statics.png used on input line 419.
(pdftex.def)             Requested size: 312.9803pt x 163.76126pt.
LaTeX Info: Redefining \. on input line 424.
LaTeX Info: Redefining \% on input line 424.
 [14 <./Coco_Annotation_2.png> <./COCO_Statics.png>]
Cap\'{\i }tulo 3.

Underfull \hbox (badness 10000) in paragraph at lines 432--439

 []


Underfull \hbox (badness 10000) in paragraph at lines 432--439

 []


Underfull \hbox (badness 10000) in paragraph at lines 432--439

 []


Underfull \hbox (badness 10000) in paragraph at lines 432--439

 []

LaTeX Font Info:    Try loading font information for OMS+cmr on input line 458.

(/usr/local/texlive/2016/texmf-dist/tex/latex/base/omscmr.fd
File: omscmr.fd 2014/09/29 v2.5h Standard LaTeX font definitions
)
LaTeX Font Info:    Font shape `OMS/cmr/m/n' in size <12> not available
(Font)              Font shape `OMS/cmsy/m/n' tried instead on input line 458.

Underfull \hbox (badness 10000) in paragraph at lines 458--458

 []


Underfull \hbox (badness 10000) in paragraph at lines 440--460

 []


Overfull \hbox (2.91495pt too wide) in paragraph at lines 440--460
[] 
 []


Underfull \hbox (badness 10000) in paragraph at lines 440--460

 []


Underfull \hbox (badness 10000) in paragraph at lines 440--460

 []

[15

]
Underfull \hbox (badness 10000) in paragraph at lines 462--465

 []


Underfull \hbox (badness 10000) in paragraph at lines 466--468

 []


Underfull \hbox (badness 10000) in paragraph at lines 469--470

 []

<./Convolution.png, id=98, 471.7625pt x 211.79124pt>
File: ./Convolution.png Graphic file (type png)
 <use ./Convolution.png>
Package pdftex.def Info: ./Convolution.png used on input line 473.
(pdftex.def)             Requested size: 256.0748pt x 114.96342pt.
LaTeX Info: Redefining \. on input line 477.
LaTeX Info: Redefining \% on input line 477.


Package Fancyhdr Warning: \headheight is too small (14.49998pt): 
 Make it at least 15.71667pt.
 We now make it that large for the rest of the document.
 This may cause the page layout to be inconsistent, however.

[16]
Underfull \hbox (badness 10000) in paragraph at lines 478--479

 []


Underfull \hbox (badness 10000) in paragraph at lines 502--502

 []


Overfull \hbox (20.53976pt too wide) in paragraph at lines 502--504
[][] 
 []


Underfull \hbox (badness 10000) in paragraph at lines 502--504

 []


Underfull \hbox (badness 10000) in paragraph at lines 502--504

 []


Underfull \hbox (badness 10000) in paragraph at lines 505--507

 []


Underfull \hbox (badness 10000) in paragraph at lines 505--507

 []

LaTeX Info: Redefining \. on input line 507.
LaTeX Info: Redefining \% on input line 507.
[17 <./Convolution.png>]
Underfull \hbox (badness 10000) in paragraph at lines 508--509

 []

<./Pooling.png, id=106, 236.38312pt x 143.03438pt>
File: ./Pooling.png Graphic file (type png)
 <use ./Pooling.png>
Package pdftex.def Info: ./Pooling.png used on input line 512.
(pdftex.def)             Requested size: 199.16928pt x 120.51907pt.

Underfull \hbox (badness 10000) in paragraph at lines 517--518

 []


Overfull \hbox (20.53976pt too wide) in paragraph at lines 532--534
[][] 
 []


Underfull \hbox (badness 10000) in paragraph at lines 532--534

 []


Underfull \hbox (badness 10000) in paragraph at lines 532--534

 []


Underfull \hbox (badness 10000) in paragraph at lines 535--536

 []

LaTeX Info: Redefining \. on input line 536.
LaTeX Info: Redefining \% on input line 536.
[18 <./Pooling.png>]
Underfull \hbox (badness 10000) in paragraph at lines 537--538

 []


Underfull \hbox (badness 10000) in paragraph at lines 539--540

 []


Underfull \hbox (badness 10000) in paragraph at lines 560--560

 []


Overfull \hbox (20.53976pt too wide) in paragraph at lines 560--562
[][] 
 []


Underfull \hbox (badness 10000) in paragraph at lines 560--562

 []


Underfull \hbox (badness 10000) in paragraph at lines 560--562

 []


Underfull \hbox (badness 10000) in paragraph at lines 563--564

 []


Underfull \hbox (badness 10000) in paragraph at lines 573--573

 []


Overfull \hbox (20.53976pt too wide) in paragraph at lines 573--575
[][] 
 []


Underfull \hbox (badness 10000) in paragraph at lines 573--575

 []


Underfull \hbox (badness 10000) in paragraph at lines 573--575

 []

LaTeX Info: Redefining \. on input line 575.
LaTeX Info: Redefining \% on input line 575.
[19]
Underfull \hbox (badness 10000) in paragraph at lines 584--584

 []


Overfull \hbox (20.53976pt too wide) in paragraph at lines 584--586
[][] 
 []


Underfull \hbox (badness 10000) in paragraph at lines 584--586

 []


Underfull \hbox (badness 10000) in paragraph at lines 584--586

 []

<./EstructuraRed.png, id=115, 180.675pt x 330.23375pt>
File: ./EstructuraRed.png Graphic file (type png)

<use ./EstructuraRed.png>
Package pdftex.def Info: ./EstructuraRed.png used on input line 591.
(pdftex.def)             Requested size: 142.26378pt x 260.0302pt.
LaTeX Info: Redefining \. on input line 595.
LaTeX Info: Redefining \% on input line 595.
 [20]
Underfull \hbox (badness 10000) in paragraph at lines 598--599

 []


Underfull \hbox (badness 10000) in paragraph at lines 600--601

 []


Underfull \hbox (badness 10000) in paragraph at lines 602--603

 []


Underfull \hbox (badness 10000) in paragraph at lines 604--605

 []


Underfull \hbox (badness 10000) in paragraph at lines 633--633

 []


Overfull \hbox (20.53976pt too wide) in paragraph at lines 633--635
[][] 
 []


Underfull \hbox (badness 10000) in paragraph at lines 633--635

 []


Underfull \hbox (badness 10000) in paragraph at lines 633--635

 []

LaTeX Info: Redefining \. on input line 635.
LaTeX Info: Redefining \% on input line 635.
[21 <./EstructuraRed.png>]
Underfull \hbox (badness 10000) in paragraph at lines 638--639

 []


Underfull \hbox (badness 10000) in paragraph at lines 644--644

 []


Overfull \hbox (20.53976pt too wide) in paragraph at lines 644--646
[][] 
 []


Underfull \hbox (badness 10000) in paragraph at lines 644--646

 []


Underfull \hbox (badness 10000) in paragraph at lines 644--646

 []


Underfull \hbox (badness 10000) in paragraph at lines 647--648

 []

LaTeX Info: Redefining \. on input line 655.
LaTeX Info: Redefining \% on input line 655.
[22]
Underfull \hbox (badness 10000) in paragraph at lines 655--655

 []


Underfull \hbox (badness 10000) in paragraph at lines 655--655

 []


Underfull \hbox (badness 10000) in paragraph at lines 655--655

 []


Overfull \hbox (20.53976pt too wide) in paragraph at lines 655--657
[][] 
 []


Underfull \hbox (badness 10000) in paragraph at lines 655--657

 []


Underfull \hbox (badness 10000) in paragraph at lines 655--657

 []


Underfull \hbox (badness 10000) in paragraph at lines 658--659

 []


Underfull \hbox (badness 10000) in paragraph at lines 668--670

 []


Overfull \hbox (1.52373pt too wide) in paragraph at lines 673--674
[]\OT1/cmr/m/n/12 La ba-se de da-tos uti-li-za-da tendr^^Sa una ex-ten-si^^Son 
.lmdb. Light-ning Memory-
 []


Underfull \hbox (badness 10000) in paragraph at lines 673--674

 []


Underfull \hbox (badness 10000) in paragraph at lines 675--676

 []

LaTeX Info: Redefining \. on input line 677.
LaTeX Info: Redefining \% on input line 677.
[23]
Overfull \hbox (16.62314pt too wide) in paragraph at lines 677--678
[][] 
 []


Underfull \hbox (badness 10000) in paragraph at lines 677--678

 []


Underfull \hbox (badness 10000) in paragraph at lines 679--680

 []


Underfull \hbox (badness 10000) in paragraph at lines 687--687

 []


Overfull \hbox (20.53976pt too wide) in paragraph at lines 687--689
[][] 
 []


Underfull \hbox (badness 10000) in paragraph at lines 687--689

 []


Underfull \hbox (badness 10000) in paragraph at lines 690--691

 []


Underfull \hbox (badness 10000) in paragraph at lines 692--693

 []


Underfull \hbox (badness 10000) in paragraph at lines 700--700

 []


Overfull \hbox (20.53976pt too wide) in paragraph at lines 700--702
[][] 
 []


Underfull \hbox (badness 10000) in paragraph at lines 700--702

 []


Underfull \hbox (badness 10000) in paragraph at lines 703--704

 []


Underfull \hbox (badness 10000) in paragraph at lines 707--708

 []

LaTeX Info: Redefining \. on input line 712.
LaTeX Info: Redefining \% on input line 712.
[24]
Underfull \hbox (badness 10000) in paragraph at lines 716--717

 []

<./Data5.png, id=133, 673.51625pt x 333.245pt>
File: ./Data5.png Graphic file (type png)
 <use ./Data5.png>
Package pdftex.def Info: ./Data5.png used on input line 720.
(pdftex.def)             Requested size: 369.88582pt x 183.01581pt.

Underfull \hbox (badness 10000) in paragraph at lines 725--726

 []

<./Cinco.png, id=134, 28.105pt x 28.105pt>
File: ./Cinco.png Graphic file (type png)
 <use ./Cinco.png>
Package pdftex.def Info: ./Cinco.png used on input line 731.
(pdftex.def)             Requested size: 85.35826pt x 85.36842pt.

Underfull \hbox (badness 10000) in paragraph at lines 738--739

 []

LaTeX Info: Redefining \. on input line 739.
LaTeX Info: Redefining \% on input line 739.
[25 <./Data5.png> <./Cinco.png>]
Overfull \hbox (16.62314pt too wide) in paragraph at lines 740--742
[][] 
 []


Underfull \hbox (badness 10000) in paragraph at lines 740--742

 []


Underfull \hbox (badness 10000) in paragraph at lines 771--771

 []


Overfull \hbox (20.53976pt too wide) in paragraph at lines 771--773
[][] 
 []


Underfull \hbox (badness 10000) in paragraph at lines 771--773

 []


Underfull \hbox (badness 10000) in paragraph at lines 771--773

 []


Underfull \hbox (badness 10000) in paragraph at lines 774--775

 []

LaTeX Info: Redefining \. on input line 792.
LaTeX Info: Redefining \% on input line 792.
[26]
Underfull \hbox (badness 10000) in paragraph at lines 795--796

 []


Underfull \hbox (badness 10000) in paragraph at lines 799--800

 []


Underfull \hbox (badness 10000) in paragraph at lines 808--810

 []


Underfull \hbox (badness 10000) in paragraph at lines 820--820

 []


Overfull \hbox (20.53976pt too wide) in paragraph at lines 820--822
[][] 
 []


Underfull \hbox (badness 10000) in paragraph at lines 820--822

 []


Underfull \hbox (badness 10000) in paragraph at lines 820--822

 []

LaTeX Info: Redefining \. on input line 822.
LaTeX Info: Redefining \% on input line 822.
[27]
Underfull \hbox (badness 10000) in paragraph at lines 823--824

 []


Underfull \hbox (badness 1527) in paragraph at lines 831--831
| | | | \OT1/cmr/m/n/12 self.numbers[out].setStyleSheet("background-color: #FFF
F00; co-
 []


Underfull \hbox (badness 10000) in paragraph at lines 831--831

 []


Overfull \hbox (20.53976pt too wide) in paragraph at lines 831--833
[][] 
 []


Underfull \hbox (badness 10000) in paragraph at lines 831--833

 []


Underfull \hbox (badness 10000) in paragraph at lines 831--833

 []


Underfull \hbox (badness 10000) in paragraph at lines 836--838

 []


Overfull \hbox (16.62314pt too wide) in paragraph at lines 839--841
[][] 
 []


Underfull \hbox (badness 10000) in paragraph at lines 839--841

 []


Underfull \hbox (badness 10000) in paragraph at lines 842--843

 []

LaTeX Info: Redefining \. on input line 843.
LaTeX Info: Redefining \% on input line 843.
[28]
Underfull \hbox (badness 10000) in paragraph at lines 844--845

 []


Underfull \hbox (badness 10000) in paragraph at lines 848--849

 []


Underfull \hbox (badness 10000) in paragraph at lines 850--851

 []


Underfull \hbox (badness 10000) in paragraph at lines 859--859

 []


Underfull \hbox (badness 10000) in paragraph at lines 859--859

 []


Overfull \hbox (20.53976pt too wide) in paragraph at lines 859--861
[][] 
 []


Underfull \hbox (badness 10000) in paragraph at lines 859--861

 []


Underfull \hbox (badness 10000) in paragraph at lines 859--861

 []


Underfull \hbox (badness 10000) in paragraph at lines 862--863

 []


Overfull \hbox (16.62314pt too wide) in paragraph at lines 864--866
[][] 
 []


Underfull \hbox (badness 10000) in paragraph at lines 864--866

 []


Underfull \hbox (badness 10000) in paragraph at lines 867--868

 []


Overfull \hbox (16.62314pt too wide) in paragraph at lines 869--871
[][] 
 []


Underfull \hbox (badness 10000) in paragraph at lines 869--871

 []


Underfull \hbox (badness 10000) in paragraph at lines 875--878

 []

LaTeX Info: Redefining \. on input line 878.
LaTeX Info: Redefining \% on input line 878.
[29]
Underfull \hbox (badness 10000) in paragraph at lines 881--882

 []


Underfull \hbox (badness 10000) in paragraph at lines 893--894

 []

LaTeX Info: Redefining \. on input line 894.
LaTeX Info: Redefining \% on input line 894.
[30]
Underfull \hbox (badness 10000) in paragraph at lines 899--900

 []

<./MascarasLaplacianas.jpg, id=155, 420.57124pt x 370.38374pt>
File: ./MascarasLaplacianas.jpg Graphic file (type jpg)

<use ./MascarasLaplacianas.jpg>
Package pdftex.def Info: ./MascarasLaplacianas.jpg used on input line 903.
(pdftex.def)             Requested size: 199.16928pt x 175.40285pt.

Underfull \hbox (badness 10000) in paragraph at lines 908--909

 []


Underfull \hbox (badness 10000) in paragraph at lines 912--913

 []

LaTeX Info: Redefining \. on input line 913.
LaTeX Info: Redefining \% on input line 913.
[31 <./MascarasLaplacianas.jpg>]
Underfull \hbox (badness 10000) in paragraph at lines 914--915

 []


Underfull \hbox (badness 10000) in paragraph at lines 925--926

 []


Underfull \hbox (badness 10000) in paragraph at lines 927--928

 []

LaTeX Info: Redefining \. on input line 935.
LaTeX Info: Redefining \% on input line 935.
[32]
Underfull \hbox (badness 10000) in paragraph at lines 938--939

 []

<./Sobel_Transformation.png, id=162, 536.2434pt x 319.9152pt>
File: ./Sobel_Transformation.png Graphic file (type png)

<use ./Sobel_Transformation.png>
Package pdftex.def Info: ./Sobel_Transformation.png used on input line 942.
(pdftex.def)             Requested size: 369.88582pt x 220.67337pt.
LaTeX Info: Redefining \. on input line 947.
LaTeX Info: Redefining \% on input line 947.
 [33 <./Sobel_Transformation.png>]
Cap\'{\i }tulo 4.
[34

]
Cap\'{\i }tulo 5.
No file MemoriaAntigua.bbl.
No file MemoriaAntigua.bbl.
[35

] (./MemoriaAntigua.aux
LaTeX Info: Redefining \. on input line 6.
LaTeX Info: Redefining \% on input line 6.
)

LaTeX Warning: There were multiply-defined labels.

 ) 
Here is how much of TeX's memory you used:
 2938 strings out of 493014
 41184 string characters out of 6133351
 111032 words of memory out of 5000000
 6432 multiletter control sequences out of 15000+600000
 9498 words of font info for 33 fonts, out of 8000000 for 9000
 1141 hyphenation exceptions out of 8191
 37i,12n,43p,1038b,440s stack positions out of 5000i,500n,10000p,200000b,80000s
</usr/local/texlive/2016/texmf-dist/fonts/type1/public/amsfonts/cm/cmbx12.pfb
></usr/local/texlive/2016/texmf-dist/fonts/type1/public/amsfonts/cm/cmex10.pfb>
</usr/local/texlive/2016/texmf-dist/fonts/type1/public/amsfonts/cm/cmmi12.pfb><
/usr/local/texlive/2016/texmf-dist/fonts/type1/public/amsfonts/cm/cmmi8.pfb></u
sr/local/texlive/2016/texmf-dist/fonts/type1/public/amsfonts/cm/cmr12.pfb></usr
/local/texlive/2016/texmf-dist/fonts/type1/public/amsfonts/cm/cmr17.pfb></usr/l
ocal/texlive/2016/texmf-dist/fonts/type1/public/amsfonts/cm/cmr8.pfb></usr/loca
l/texlive/2016/texmf-dist/fonts/type1/public/amsfonts/cm/cmsl12.pfb></usr/local
/texlive/2016/texmf-dist/fonts/type1/public/amsfonts/cm/cmsy10.pfb></usr/local/
texlive/2016/texmf-dist/fonts/type1/public/amsfonts/cm/cmsy8.pfb></usr/local/te
xlive/2016/texmf-dist/fonts/type1/public/amsfonts/cm/cmti12.pfb>
Output written on MemoriaAntigua.pdf (42 pages, 1325994 bytes).
PDF statistics:
 212 PDF objects out of 1000 (max. 8388607)
 129 compressed objects within 2 object streams
 0 named destinations out of 1000 (max. 500000)
 71 words of extra memory for PDF output out of 10000 (max. 10000000)

